Epoch: 0 Batch: 600 Loss: 2.2977898120880127
Accuracy: 0.12343750149011612
Epoch: 0 Batch: 1200 Loss: 2.2965855598449707
Accuracy: 0.13789062201976776
Epoch: 0 Batch: 1800 Loss: 2.296130418777466
Accuracy: 0.15074652433395386
Epoch: 1 Batch: 600 Loss: 2.288360118865967
Accuracy: 0.19968751072883606
Epoch: 1 Batch: 1200 Loss: 2.286175489425659
Accuracy: 0.24005208909511566
Epoch: 1 Batch: 1800 Loss: 2.2791948318481445
Accuracy: 0.2699652910232544
Epoch: 2 Batch: 600 Loss: 2.275777816772461
Accuracy: 0.3413541615009308
Epoch: 2 Batch: 1200 Loss: 2.251516103744507
Accuracy: 0.3373958468437195
Epoch: 2 Batch: 1800 Loss: 2.2592356204986572
Accuracy: 0.3400173783302307
Epoch: 3 Batch: 600 Loss: 2.2634830474853516
Accuracy: 0.3578645884990692
Epoch: 3 Batch: 1200 Loss: 2.2610580921173096
Accuracy: 0.3564062714576721
Epoch: 3 Batch: 1800 Loss: 2.2326300144195557
Accuracy: 0.35440972447395325
Epoch: 4 Batch: 600 Loss: 2.241274118423462
Accuracy: 0.3513020873069763
Epoch: 4 Batch: 1200 Loss: 2.2276790142059326
Accuracy: 0.3547656238079071
Epoch: 4 Batch: 1800 Loss: 2.1902740001678467
Accuracy: 0.35746529698371887
Epoch: 5 Batch: 600 Loss: 2.159703254699707
Accuracy: 0.3880729377269745
Epoch: 5 Batch: 1200 Loss: 2.087608814239502
Accuracy: 0.39255210757255554
Epoch: 5 Batch: 1800 Loss: 2.1690337657928467
Accuracy: 0.40074652433395386
Epoch: 6 Batch: 600 Loss: 2.009488582611084
Accuracy: 0.44067710638046265
Epoch: 6 Batch: 1200 Loss: 2.020282506942749
Accuracy: 0.4537760615348816
Epoch: 6 Batch: 1800 Loss: 1.9360988140106201
Accuracy: 0.4688541889190674
Epoch: 7 Batch: 600 Loss: 1.975433588027954
Accuracy: 0.5292708277702332
Epoch: 7 Batch: 1200 Loss: 1.7879912853240967
Accuracy: 0.540234386920929
Epoch: 7 Batch: 1800 Loss: 1.7649149894714355
Accuracy: 0.5534722208976746
Epoch: 8 Batch: 600 Loss: 1.576461911201477
Accuracy: 0.608593761920929
Epoch: 8 Batch: 1200 Loss: 1.5249656438827515
Accuracy: 0.6203906536102295
Epoch: 8 Batch: 1800 Loss: 1.4528976678848267
Accuracy: 0.6280555725097656
Epoch: 9 Batch: 600 Loss: 1.4693522453308105
Accuracy: 0.6678646206855774
Epoch: 9 Batch: 1200 Loss: 1.188058853149414
Accuracy: 0.6736719012260437
Epoch: 9 Batch: 1800 Loss: 1.1988863945007324
Accuracy: 0.6805555820465088
Epoch: 10 Batch: 600 Loss: 1.060902714729309
Accuracy: 0.7145312428474426
Epoch: 10 Batch: 1200 Loss: 0.6985777020454407
Accuracy: 0.7214062809944153
Epoch: 10 Batch: 1800 Loss: 0.818733811378479
Accuracy: 0.7315451502799988
Epoch: 11 Batch: 600 Loss: 0.8437556624412537
Accuracy: 0.7643229365348816
Epoch: 11 Batch: 1200 Loss: 0.7717949151992798
Accuracy: 0.7718229293823242
Epoch: 11 Batch: 1800 Loss: 0.8981751799583435
Accuracy: 0.7785243391990662
Epoch: 12 Batch: 600 Loss: 0.5873962640762329
Accuracy: 0.7978125214576721
Epoch: 12 Batch: 1200 Loss: 0.8656160831451416
Accuracy: 0.8025000095367432
Epoch: 12 Batch: 1800 Loss: 0.8215883374214172
Accuracy: 0.8085764050483704
Epoch: 13 Batch: 600 Loss: 0.5478134155273438
Accuracy: 0.824791669845581
Epoch: 13 Batch: 1200 Loss: 0.7395625114440918
Accuracy: 0.8248177170753479
Epoch: 13 Batch: 1800 Loss: 0.6691855192184448
Accuracy: 0.8268923759460449
Epoch: 14 Batch: 600 Loss: 0.7209751605987549
Accuracy: 0.8372916579246521
Epoch: 14 Batch: 1200 Loss: 0.4071718454360962
Accuracy: 0.8385677337646484
Epoch: 14 Batch: 1800 Loss: 0.8160153031349182
Accuracy: 0.8403298854827881
Epoch: 15 Batch: 600 Loss: 0.5021790266036987
Accuracy: 0.8450521230697632
Epoch: 15 Batch: 1200 Loss: 0.5478480458259583
Accuracy: 0.8486458659172058
Epoch: 15 Batch: 1800 Loss: 0.5722920298576355
Accuracy: 0.850486159324646
Epoch: 16 Batch: 600 Loss: 0.5129685401916504
Accuracy: 0.8575000166893005
Epoch: 16 Batch: 1200 Loss: 0.5391227006912231
Accuracy: 0.8572656512260437
Epoch: 16 Batch: 1800 Loss: 0.5814493894577026
Accuracy: 0.859826385974884
Epoch: 17 Batch: 600 Loss: 0.35380280017852783
Accuracy: 0.8639583587646484
Epoch: 17 Batch: 1200 Loss: 0.37824463844299316
Accuracy: 0.8650781512260437
Epoch: 17 Batch: 1800 Loss: 0.5878286957740784
Accuracy: 0.8662673830986023
Epoch: 18 Batch: 600 Loss: 0.3695635199546814
Accuracy: 0.8689062595367432
Epoch: 18 Batch: 1200 Loss: 0.6364684700965881
Accuracy: 0.87046879529953
Epoch: 18 Batch: 1800 Loss: 0.5687477588653564
Accuracy: 0.8718576431274414
Epoch: 19 Batch: 600 Loss: 0.5721337795257568
Accuracy: 0.8741666674613953
Epoch: 19 Batch: 1200 Loss: 0.2559731900691986
Accuracy: 0.874218761920929
Epoch: 19 Batch: 1800 Loss: 0.5222539305686951
Accuracy: 0.8760590553283691
Epoch: 20 Batch: 600 Loss: 0.5561040639877319
Accuracy: 0.8778125047683716
Epoch: 20 Batch: 1200 Loss: 0.4671054780483246
Accuracy: 0.8800520896911621
Epoch: 20 Batch: 1800 Loss: 0.35241422057151794
Accuracy: 0.8799826502799988
Epoch: 21 Batch: 600 Loss: 0.3914705514907837
Accuracy: 0.88260418176651
Epoch: 21 Batch: 1200 Loss: 0.2530132532119751
Accuracy: 0.8838802576065063
Epoch: 21 Batch: 1800 Loss: 0.535346508026123
Accuracy: 0.8836979269981384
Epoch: 22 Batch: 600 Loss: 0.27390438318252563
Accuracy: 0.8817187547683716
Epoch: 22 Batch: 1200 Loss: 0.6942903995513916
Accuracy: 0.8844010829925537
Epoch: 22 Batch: 1800 Loss: 0.544665515422821
Accuracy: 0.8861284852027893
Epoch: 23 Batch: 600 Loss: 0.49680382013320923
Accuracy: 0.8871354460716248
Epoch: 23 Batch: 1200 Loss: 0.48272088170051575
Accuracy: 0.8883593678474426
Epoch: 23 Batch: 1800 Loss: 0.5550113320350647
Accuracy: 0.8886632323265076
Epoch: 24 Batch: 600 Loss: 0.30197131633758545
Accuracy: 0.893750011920929
Epoch: 24 Batch: 1200 Loss: 0.5871175527572632
Accuracy: 0.8926823139190674
Epoch: 24 Batch: 1800 Loss: 0.1458999067544937
Accuracy: 0.8919965624809265
Epoch: 25 Batch: 600 Loss: 0.585072934627533
Accuracy: 0.8941667079925537
Epoch: 25 Batch: 1200 Loss: 0.5373609662055969
Accuracy: 0.8949479460716248
Epoch: 25 Batch: 1800 Loss: 0.34179916977882385
Accuracy: 0.8935590386390686
Epoch: 26 Batch: 600 Loss: 0.4355233609676361
Accuracy: 0.8954687714576721
Epoch: 26 Batch: 1200 Loss: 0.5185473561286926
Accuracy: 0.8949479460716248
Epoch: 26 Batch: 1800 Loss: 0.7514671087265015
Accuracy: 0.8948785066604614
Epoch: 27 Batch: 600 Loss: 0.21191871166229248
Accuracy: 0.8997917175292969
Epoch: 27 Batch: 1200 Loss: 0.5101504921913147
Accuracy: 0.8972135782241821
Epoch: 27 Batch: 1800 Loss: 0.5876114368438721
Accuracy: 0.8967013955116272
Epoch: 28 Batch: 600 Loss: 0.46736758947372437
Accuracy: 0.8976041674613953
Epoch: 28 Batch: 1200 Loss: 0.3498932421207428
Accuracy: 0.8988281488418579
Epoch: 28 Batch: 1800 Loss: 0.3004095256328583
Accuracy: 0.8982465267181396
Epoch: 29 Batch: 600 Loss: 0.5994873642921448
Accuracy: 0.897447943687439
Epoch: 29 Batch: 1200 Loss: 0.4668567478656769
Accuracy: 0.9001041650772095
Epoch: 29 Batch: 1800 Loss: 0.27248138189315796
Accuracy: 0.8996007442474365
Epoch: 30 Batch: 600 Loss: 0.1833522766828537
Accuracy: 0.9034895896911621
Epoch: 30 Batch: 1200 Loss: 0.09899196773767471
Accuracy: 0.9010416865348816
Epoch: 30 Batch: 1800 Loss: 0.4255124032497406
Accuracy: 0.9007465243339539
Epoch: 31 Batch: 600 Loss: 0.3024488091468811
Accuracy: 0.9036458730697632
Epoch: 31 Batch: 1200 Loss: 0.38288938999176025
Accuracy: 0.9029427170753479
Epoch: 31 Batch: 1800 Loss: 0.6121728420257568
Accuracy: 0.9019792079925537
Epoch: 32 Batch: 600 Loss: 0.24706152081489563
Accuracy: 0.9025000333786011
Epoch: 32 Batch: 1200 Loss: 0.5221370458602905
Accuracy: 0.90408855676651
Epoch: 32 Batch: 1800 Loss: 0.42792192101478577
Accuracy: 0.9035416841506958
Epoch: 33 Batch: 600 Loss: 0.3883098363876343
Accuracy: 0.9046875238418579
Epoch: 33 Batch: 1200 Loss: 0.31978103518486023
Accuracy: 0.9031510353088379
Epoch: 33 Batch: 1800 Loss: 0.18382291495800018
Accuracy: 0.9039062857627869
Epoch: 34 Batch: 600 Loss: 0.20646023750305176
Accuracy: 0.9016146063804626
Epoch: 34 Batch: 1200 Loss: 0.603288471698761
Accuracy: 0.9030469059944153
Epoch: 34 Batch: 1800 Loss: 0.1717604696750641
Accuracy: 0.9050347208976746
Epoch: 35 Batch: 600 Loss: 0.09290311485528946
Accuracy: 0.9041666984558105
Epoch: 35 Batch: 1200 Loss: 0.26471906900405884
Accuracy: 0.9046354293823242
Epoch: 35 Batch: 1800 Loss: 0.23073804378509521
Accuracy: 0.9064409732818604
Epoch: 36 Batch: 600 Loss: 0.1841459572315216
Accuracy: 0.9048958420753479
Epoch: 36 Batch: 1200 Loss: 0.21973973512649536
Accuracy: 0.9065104126930237
Epoch: 36 Batch: 1800 Loss: 0.28140926361083984
Accuracy: 0.9068403244018555
Epoch: 37 Batch: 600 Loss: 0.17739777266979218
Accuracy: 0.9084895849227905
Epoch: 37 Batch: 1200 Loss: 0.30366992950439453
Accuracy: 0.9087240099906921
Epoch: 37 Batch: 1800 Loss: 0.5817865133285522
Accuracy: 0.9083507061004639
Epoch: 38 Batch: 600 Loss: 0.14998938143253326
Accuracy: 0.9096354246139526
Epoch: 38 Batch: 1200 Loss: 0.2710760235786438
Accuracy: 0.908958375453949
Epoch: 38 Batch: 1800 Loss: 0.38362428545951843
Accuracy: 0.9087499976158142
Epoch: 39 Batch: 600 Loss: 0.2269400954246521
Accuracy: 0.9082291722297668
Epoch: 39 Batch: 1200 Loss: 0.35687607526779175
Accuracy: 0.9072396159172058
Epoch: 39 Batch: 1800 Loss: 0.10496693104505539
Accuracy: 0.9097569584846497
Epoch: 40 Batch: 600 Loss: 0.2522473633289337
Accuracy: 0.9079687595367432
Epoch: 40 Batch: 1200 Loss: 0.2824488580226898
Accuracy: 0.9096093773841858
Epoch: 40 Batch: 1800 Loss: 0.3147735893726349
Accuracy: 0.9103298783302307
Epoch: 41 Batch: 600 Loss: 0.1483059972524643
Accuracy: 0.9118229150772095
Epoch: 41 Batch: 1200 Loss: 0.0968654602766037
Accuracy: 0.9108073115348816
Epoch: 41 Batch: 1800 Loss: 0.39733022451400757
Accuracy: 0.9113715291023254
Epoch: 42 Batch: 600 Loss: 0.3385429382324219
Accuracy: 0.9129687547683716
Epoch: 42 Batch: 1200 Loss: 0.3114410638809204
Accuracy: 0.9122396111488342
Epoch: 42 Batch: 1800 Loss: 0.27344417572021484
Accuracy: 0.9124305844306946
Epoch: 43 Batch: 600 Loss: 0.17323586344718933
Accuracy: 0.9156250357627869
Epoch: 43 Batch: 1200 Loss: 0.14459429681301117
Accuracy: 0.9137240052223206
Epoch: 43 Batch: 1800 Loss: 0.26109007000923157
Accuracy: 0.9131076335906982
Epoch: 44 Batch: 600 Loss: 0.09965590387582779
Accuracy: 0.9125521183013916
Epoch: 44 Batch: 1200 Loss: 0.1847056895494461
Accuracy: 0.9146614670753479
Epoch: 44 Batch: 1800 Loss: 0.6496379971504211
Accuracy: 0.9139236211776733
Epoch: 45 Batch: 600 Loss: 0.2149631232023239
Accuracy: 0.9142708778381348
Epoch: 45 Batch: 1200 Loss: 0.3694547116756439
Accuracy: 0.9147396087646484
Epoch: 45 Batch: 1800 Loss: 0.27089834213256836
Accuracy: 0.9146875143051147
Epoch: 46 Batch: 600 Loss: 0.2635519504547119
Accuracy: 0.9157812595367432
Epoch: 46 Batch: 1200 Loss: 0.15186470746994019
Accuracy: 0.9145052433013916
Epoch: 46 Batch: 1800 Loss: 0.2727530300617218
Accuracy: 0.9150347709655762
Epoch: 47 Batch: 600 Loss: 0.3268776834011078
Accuracy: 0.9165624976158142
Epoch: 47 Batch: 1200 Loss: 0.2765656113624573
Accuracy: 0.9156510829925537
Epoch: 47 Batch: 1800 Loss: 0.3542150855064392
Accuracy: 0.9160069823265076
Epoch: 48 Batch: 600 Loss: 0.2681834101676941
Accuracy: 0.9168229103088379
Epoch: 48 Batch: 1200 Loss: 0.21852684020996094
Accuracy: 0.9168489575386047
Epoch: 48 Batch: 1800 Loss: 0.204093337059021
Accuracy: 0.9163368344306946
Epoch: 49 Batch: 600 Loss: 0.26452091336250305
Accuracy: 0.9155729413032532
Epoch: 49 Batch: 1200 Loss: 0.40127089619636536
Accuracy: 0.9160677194595337
Epoch: 49 Batch: 1800 Loss: 0.5085848569869995
Accuracy: 0.9168229103088379
Epoch: 50 Batch: 600 Loss: 0.42160481214523315
Accuracy: 0.9166666865348816
Epoch: 50 Batch: 1200 Loss: 0.3274463415145874
Accuracy: 0.917395830154419
Epoch: 50 Batch: 1800 Loss: 0.21810002624988556
Accuracy: 0.917673647403717
Epoch: 51 Batch: 600 Loss: 0.2732482850551605
Accuracy: 0.9170312881469727
Epoch: 51 Batch: 1200 Loss: 0.3426981270313263
Accuracy: 0.9184114933013916
Epoch: 51 Batch: 1800 Loss: 0.17512144148349762
Accuracy: 0.9177951812744141
Epoch: 52 Batch: 600 Loss: 0.24242551624774933
Accuracy: 0.9142708778381348
Epoch: 52 Batch: 1200 Loss: 0.416577011346817
Accuracy: 0.9183593988418579
Epoch: 52 Batch: 1800 Loss: 0.28855547308921814
Accuracy: 0.9187326431274414
Epoch: 53 Batch: 600 Loss: 0.1383550763130188
Accuracy: 0.9203646183013916
Epoch: 53 Batch: 1200 Loss: 0.7249125242233276
Accuracy: 0.9203646183013916
Epoch: 53 Batch: 1800 Loss: 0.18339590728282928
Accuracy: 0.9199479222297668
Epoch: 54 Batch: 600 Loss: 0.11116485297679901
Accuracy: 0.9208333492279053
Epoch: 54 Batch: 1200 Loss: 0.501431405544281
Accuracy: 0.9203906655311584
Epoch: 54 Batch: 1800 Loss: 0.17426447570323944
Accuracy: 0.9201563000679016
Epoch: 55 Batch: 600 Loss: 0.2831454873085022
Accuracy: 0.9220312833786011
Epoch: 55 Batch: 1200 Loss: 0.2643572688102722
Accuracy: 0.9216145873069763
Epoch: 55 Batch: 1800 Loss: 0.18245118856430054
Accuracy: 0.9201042056083679
Epoch: 56 Batch: 600 Loss: 0.2612921893596649
Accuracy: 0.9230208396911621
Epoch: 56 Batch: 1200 Loss: 0.21406832337379456
Accuracy: 0.9222916960716248
Epoch: 56 Batch: 1800 Loss: 0.12797382473945618
Accuracy: 0.921753466129303
Epoch: 57 Batch: 600 Loss: 0.0695500522851944
Accuracy: 0.9204687476158142
Epoch: 57 Batch: 1200 Loss: 0.4284195899963379
Accuracy: 0.9221354126930237
Epoch: 57 Batch: 1800 Loss: 0.22709053754806519
Accuracy: 0.9222743511199951
Epoch: 58 Batch: 600 Loss: 0.2545149326324463
Accuracy: 0.9229687452316284
Epoch: 58 Batch: 1200 Loss: 0.18994902074337006
Accuracy: 0.9214844107627869
Epoch: 58 Batch: 1800 Loss: 0.21188926696777344
Accuracy: 0.9220312833786011
Epoch: 59 Batch: 600 Loss: 0.2455337792634964
Accuracy: 0.9217187762260437
Epoch: 59 Batch: 1200 Loss: 0.3895362615585327
Accuracy: 0.9223958849906921
Epoch: 59 Batch: 1800 Loss: 0.16217848658561707
Accuracy: 0.9231771230697632
Epoch: 60 Batch: 600 Loss: 0.22220012545585632
Accuracy: 0.9242187738418579
Epoch: 60 Batch: 1200 Loss: 0.18374550342559814
Accuracy: 0.9235156178474426
Epoch: 60 Batch: 1800 Loss: 0.11515967547893524
Accuracy: 0.9231944680213928
Epoch: 61 Batch: 600 Loss: 0.287683367729187
Accuracy: 0.9259896278381348
Epoch: 61 Batch: 1200 Loss: 0.2625964879989624
Accuracy: 0.9240885376930237
Epoch: 61 Batch: 1800 Loss: 0.05772624537348747
Accuracy: 0.924461841583252
Epoch: 62 Batch: 600 Loss: 0.5179796814918518
Accuracy: 0.9250521063804626
Epoch: 62 Batch: 1200 Loss: 0.2963655889034271
Accuracy: 0.9250781536102295
Epoch: 62 Batch: 1800 Loss: 0.41146063804626465
Accuracy: 0.9244270920753479
Epoch: 63 Batch: 600 Loss: 0.16515687108039856
Accuracy: 0.9242187738418579
Epoch: 63 Batch: 1200 Loss: 0.5525144338607788
Accuracy: 0.9246094226837158
Epoch: 63 Batch: 1800 Loss: 0.0512559749186039
Accuracy: 0.925694465637207
Epoch: 64 Batch: 600 Loss: 0.13955558836460114
Accuracy: 0.9281250238418579
Epoch: 64 Batch: 1200 Loss: 0.4403211176395416
Accuracy: 0.9259375333786011
Epoch: 64 Batch: 1800 Loss: 0.49102887511253357
Accuracy: 0.9255208373069763
Epoch: 65 Batch: 600 Loss: 0.16379405558109283
Accuracy: 0.9264062643051147
Epoch: 65 Batch: 1200 Loss: 0.05255771428346634
Accuracy: 0.9262500405311584
Epoch: 65 Batch: 1800 Loss: 0.4161894917488098
Accuracy: 0.9263368248939514
Epoch: 66 Batch: 600 Loss: 0.4275546371936798
Accuracy: 0.9277604222297668
Epoch: 66 Batch: 1200 Loss: 0.3061526119709015
Accuracy: 0.9272916913032532
Epoch: 66 Batch: 1800 Loss: 0.2701609432697296
Accuracy: 0.9271528124809265
Epoch: 67 Batch: 600 Loss: 0.279716819524765
Accuracy: 0.9248437881469727
Epoch: 67 Batch: 1200 Loss: 0.14156682789325714
Accuracy: 0.9264583587646484
Epoch: 67 Batch: 1800 Loss: 0.31200870871543884
Accuracy: 0.9275694489479065
Epoch: 68 Batch: 600 Loss: 0.362222284078598
Accuracy: 0.9300521016120911
Epoch: 68 Batch: 1200 Loss: 0.29163283109664917
Accuracy: 0.9286718964576721
Epoch: 68 Batch: 1800 Loss: 0.3514302968978882
Accuracy: 0.9281423687934875
Epoch: 69 Batch: 600 Loss: 0.43992605805397034
Accuracy: 0.9289583563804626
Epoch: 69 Batch: 1200 Loss: 0.14530034363269806
Accuracy: 0.9286198019981384
Epoch: 69 Batch: 1800 Loss: 0.26266297698020935
Accuracy: 0.9285069704055786
Epoch: 70 Batch: 600 Loss: 0.24614019691944122
Accuracy: 0.9275521039962769
Epoch: 70 Batch: 1200 Loss: 0.16667254269123077
Accuracy: 0.9291406273841858
Epoch: 70 Batch: 1800 Loss: 0.3667476177215576
Accuracy: 0.928819477558136
Epoch: 71 Batch: 600 Loss: 0.373073935508728
Accuracy: 0.9315104484558105
Epoch: 71 Batch: 1200 Loss: 0.257340669631958
Accuracy: 0.9307292103767395
Epoch: 71 Batch: 1800 Loss: 0.3696473240852356
Accuracy: 0.9297569394111633
Epoch: 72 Batch: 600 Loss: 0.33790192008018494
Accuracy: 0.9295312762260437
Epoch: 72 Batch: 1200 Loss: 0.4279690682888031
Accuracy: 0.9300521016120911
Epoch: 72 Batch: 1800 Loss: 0.330493301153183
Accuracy: 0.9299653172492981
Epoch: 73 Batch: 600 Loss: 0.025281740352511406
Accuracy: 0.9305208325386047
Epoch: 73 Batch: 1200 Loss: 0.26940515637397766
Accuracy: 0.9309896230697632
Epoch: 73 Batch: 1800 Loss: 0.3411693572998047
Accuracy: 0.9305555820465088
Epoch: 74 Batch: 600 Loss: 0.13711746037006378
Accuracy: 0.9315625429153442
Epoch: 74 Batch: 1200 Loss: 0.4512367248535156
Accuracy: 0.9311458468437195
Epoch: 74 Batch: 1800 Loss: 0.22194573283195496
Accuracy: 0.9308507442474365
Epoch: 75 Batch: 600 Loss: 0.38294756412506104
Accuracy: 0.9304167032241821
Epoch: 75 Batch: 1200 Loss: 0.12001637369394302
Accuracy: 0.9309635758399963
Epoch: 75 Batch: 1800 Loss: 0.21566808223724365
Accuracy: 0.9314062595367432
Epoch: 76 Batch: 600 Loss: 0.19083969295024872
Accuracy: 0.9337500333786011
Epoch: 76 Batch: 1200 Loss: 0.6578445434570312
Accuracy: 0.9316145777702332
Epoch: 76 Batch: 1800 Loss: 0.17458581924438477
Accuracy: 0.9319965243339539
Epoch: 77 Batch: 600 Loss: 0.27305421233177185
Accuracy: 0.9338541626930237
Epoch: 77 Batch: 1200 Loss: 0.20655599236488342
Accuracy: 0.9338021278381348
Epoch: 77 Batch: 1800 Loss: 0.17974774539470673
Accuracy: 0.9318750500679016
Epoch: 78 Batch: 600 Loss: 0.1973571926355362
Accuracy: 0.9300000071525574
Epoch: 78 Batch: 1200 Loss: 0.20118534564971924
Accuracy: 0.9319531321525574
Epoch: 78 Batch: 1800 Loss: 0.37923428416252136
Accuracy: 0.9328993558883667
Epoch: 79 Batch: 600 Loss: 0.18938572704792023
Accuracy: 0.9322395920753479
Epoch: 79 Batch: 1200 Loss: 0.3365585505962372
Accuracy: 0.9338802099227905
Epoch: 79 Batch: 1800 Loss: 0.4258180260658264
Accuracy: 0.933506965637207
Epoch: 80 Batch: 600 Loss: 0.194147527217865
Accuracy: 0.9336979389190674
Epoch: 80 Batch: 1200 Loss: 0.12994664907455444
Accuracy: 0.9337760806083679
Epoch: 80 Batch: 1800 Loss: 0.09118181467056274
Accuracy: 0.9339410066604614
Epoch: 81 Batch: 600 Loss: 0.11926954239606857
Accuracy: 0.93317711353302
Epoch: 81 Batch: 1200 Loss: 0.07742663472890854
Accuracy: 0.9342708587646484
Epoch: 81 Batch: 1800 Loss: 0.15652626752853394
Accuracy: 0.9348784685134888
Epoch: 82 Batch: 600 Loss: 0.37393173575401306
Accuracy: 0.9368229508399963
Epoch: 82 Batch: 1200 Loss: 0.3447608947753906
Accuracy: 0.9364323019981384
Epoch: 82 Batch: 1800 Loss: 0.22969700396060944
Accuracy: 0.9353125095367432
Epoch: 83 Batch: 600 Loss: 0.2654885947704315
Accuracy: 0.9345833659172058
Epoch: 83 Batch: 1200 Loss: 0.1972215622663498
Accuracy: 0.9353646039962769
Epoch: 83 Batch: 1800 Loss: 0.08813218027353287
Accuracy: 0.9350868463516235
Epoch: 84 Batch: 600 Loss: 0.17296381294727325
Accuracy: 0.9373958706855774
Epoch: 84 Batch: 1200 Loss: 0.4600875675678253
Accuracy: 0.9355989694595337
Epoch: 84 Batch: 1800 Loss: 0.30295079946517944
Accuracy: 0.9360417127609253
Epoch: 85 Batch: 600 Loss: 0.33849290013313293
Accuracy: 0.9378646016120911
Epoch: 85 Batch: 1200 Loss: 0.10045967996120453
Accuracy: 0.9360937476158142
Epoch: 85 Batch: 1800 Loss: 0.11145449429750443
Accuracy: 0.936302125453949
Epoch: 86 Batch: 600 Loss: 0.22848452627658844
Accuracy: 0.9364062547683716
Epoch: 86 Batch: 1200 Loss: 0.12483275681734085
Accuracy: 0.9361458420753479
Epoch: 86 Batch: 1800 Loss: 0.15010248124599457
Accuracy: 0.936927080154419
Epoch: 87 Batch: 600 Loss: 0.22805997729301453
Accuracy: 0.9378125071525574
Epoch: 87 Batch: 1200 Loss: 0.2929173707962036
Accuracy: 0.9379948377609253
Epoch: 87 Batch: 1800 Loss: 0.2103520631790161
Accuracy: 0.9379861354827881
Epoch: 88 Batch: 600 Loss: 0.22178968787193298
Accuracy: 0.9378125071525574
Epoch: 88 Batch: 1200 Loss: 0.12879467010498047
Accuracy: 0.9389583468437195
Epoch: 88 Batch: 1800 Loss: 0.126417875289917
Accuracy: 0.9382986426353455
Epoch: 89 Batch: 600 Loss: 0.20195269584655762
Accuracy: 0.9379166960716248
Epoch: 89 Batch: 1200 Loss: 0.1518455147743225
Accuracy: 0.9378125071525574
Epoch: 89 Batch: 1800 Loss: 0.45387083292007446
Accuracy: 0.9384027719497681
Epoch: 90 Batch: 600 Loss: 0.03477038815617561
Accuracy: 0.9382812976837158
Epoch: 90 Batch: 1200 Loss: 0.09887948632240295
Accuracy: 0.9390104413032532
Epoch: 90 Batch: 1800 Loss: 0.3128376007080078
Accuracy: 0.9386632442474365
Epoch: 91 Batch: 600 Loss: 0.08703944832086563
Accuracy: 0.9391666650772095
Epoch: 91 Batch: 1200 Loss: 0.2257547676563263
Accuracy: 0.9384896159172058
Epoch: 91 Batch: 1800 Loss: 0.0738845020532608
Accuracy: 0.9391493201255798
Epoch: 92 Batch: 600 Loss: 0.0854593813419342
Accuracy: 0.9383333325386047
Epoch: 92 Batch: 1200 Loss: 0.4408752918243408
Accuracy: 0.9383854269981384
Epoch: 92 Batch: 1800 Loss: 0.19378098845481873
Accuracy: 0.9389756917953491
Epoch: 93 Batch: 600 Loss: 0.23276327550411224
Accuracy: 0.9383854269981384
Epoch: 93 Batch: 1200 Loss: 0.4239375591278076
Accuracy: 0.9401823282241821
Epoch: 93 Batch: 1800 Loss: 0.18836361169815063
Accuracy: 0.9396528005599976
Epoch: 94 Batch: 600 Loss: 0.05821797624230385
Accuracy: 0.9401562809944153
Epoch: 94 Batch: 1200 Loss: 0.2518390417098999
Accuracy: 0.940833330154419
Epoch: 94 Batch: 1800 Loss: 0.2675480246543884
Accuracy: 0.9403125047683716
Epoch: 95 Batch: 600 Loss: 0.16304124891757965
Accuracy: 0.9409375190734863
Epoch: 95 Batch: 1200 Loss: 0.13119128346443176
Accuracy: 0.94119793176651
Epoch: 95 Batch: 1800 Loss: 0.06762012839317322
Accuracy: 0.941076397895813
Epoch: 96 Batch: 600 Loss: 0.1870841532945633
Accuracy: 0.9397916793823242
Epoch: 96 Batch: 1200 Loss: 0.2925451099872589
Accuracy: 0.9428906440734863
Epoch: 96 Batch: 1800 Loss: 0.14833101630210876
Accuracy: 0.9417014122009277
Epoch: 97 Batch: 600 Loss: 0.12196529656648636
Accuracy: 0.9398958683013916
Epoch: 97 Batch: 1200 Loss: 0.08893445134162903
Accuracy: 0.9415104389190674
Epoch: 97 Batch: 1800 Loss: 0.1575499027967453
Accuracy: 0.9412673711776733
Epoch: 98 Batch: 600 Loss: 0.39666181802749634
Accuracy: 0.9408854246139526
Epoch: 98 Batch: 1200 Loss: 0.14554962515830994
Accuracy: 0.9420573115348816
Epoch: 98 Batch: 1800 Loss: 0.10014227032661438
Accuracy: 0.9421007037162781
Epoch: 99 Batch: 600 Loss: 0.27303439378738403
Accuracy: 0.9425520896911621
Epoch: 99 Batch: 1200 Loss: 0.28611093759536743
Accuracy: 0.9425520896911621
Epoch: 99 Batch: 1800 Loss: 0.167646124958992
Accuracy: 0.9426041841506958
Epoch: 100 Batch: 600 Loss: 0.3314027190208435
Accuracy: 0.9436458349227905
Epoch: 100 Batch: 1200 Loss: 0.4326361119747162
Accuracy: 0.9434896111488342
Epoch: 100 Batch: 1800 Loss: 0.2376268357038498
Accuracy: 0.9433854222297668
Epoch: 101 Batch: 600 Loss: 0.1965455263853073
Accuracy: 0.9442187547683716
Epoch: 101 Batch: 1200 Loss: 0.19580884277820587
Accuracy: 0.9432291984558105
Epoch: 101 Batch: 1800 Loss: 0.1890304833650589
Accuracy: 0.9434201717376709
Epoch: 102 Batch: 600 Loss: 0.04852897301316261
Accuracy: 0.9440104365348816
Epoch: 102 Batch: 1200 Loss: 0.1431194245815277
Accuracy: 0.9449740052223206
Epoch: 102 Batch: 1800 Loss: 0.2387939989566803
Accuracy: 0.9440972208976746
Epoch: 103 Batch: 600 Loss: 0.41875988245010376
Accuracy: 0.9405208826065063
Epoch: 103 Batch: 1200 Loss: 0.04691077023744583
Accuracy: 0.9430469274520874
Epoch: 103 Batch: 1800 Loss: 0.26127228140830994
Accuracy: 0.9444097280502319
Epoch: 104 Batch: 600 Loss: 0.2316557765007019
Accuracy: 0.944114625453949
Epoch: 104 Batch: 1200 Loss: 0.15485748648643494
Accuracy: 0.9444531202316284
Epoch: 104 Batch: 1800 Loss: 0.2696220278739929
Accuracy: 0.944774329662323
Epoch: 105 Batch: 600 Loss: 0.061520643532276154
Accuracy: 0.94510418176651
Epoch: 105 Batch: 1200 Loss: 0.1606137603521347
Accuracy: 0.9435677528381348
Epoch: 105 Batch: 1800 Loss: 0.18303045630455017
Accuracy: 0.9449653029441833
Epoch: 106 Batch: 600 Loss: 0.11444196850061417
Accuracy: 0.9431771039962769
Epoch: 106 Batch: 1200 Loss: 0.3025779128074646
Accuracy: 0.9446614980697632
Epoch: 106 Batch: 1800 Loss: 0.04284210503101349
Accuracy: 0.9450868368148804
Epoch: 107 Batch: 600 Loss: 0.18992426991462708
Accuracy: 0.9437500238418579
Epoch: 107 Batch: 1200 Loss: 0.1253923773765564
Accuracy: 0.9450000524520874
Epoch: 107 Batch: 1800 Loss: 0.3477480709552765
Accuracy: 0.9455729126930237
Epoch: 108 Batch: 600 Loss: 0.19618213176727295
Accuracy: 0.9478645920753479
Epoch: 108 Batch: 1200 Loss: 0.34257349371910095
Accuracy: 0.946276068687439
Epoch: 108 Batch: 1800 Loss: 0.06484948843717575
Accuracy: 0.9466493129730225
Epoch: 109 Batch: 600 Loss: 0.40435272455215454
Accuracy: 0.9452604651451111
Epoch: 109 Batch: 1200 Loss: 0.04922613501548767
Accuracy: 0.946484386920929
Epoch: 109 Batch: 1800 Loss: 0.5710945129394531
Accuracy: 0.9465625286102295
Epoch: 110 Batch: 600 Loss: 0.25330474972724915
Accuracy: 0.9491146206855774
Epoch: 110 Batch: 1200 Loss: 0.17091454565525055
Accuracy: 0.9476562738418579
Epoch: 110 Batch: 1800 Loss: 0.1928926408290863
Accuracy: 0.9472222328186035
Epoch: 111 Batch: 600 Loss: 0.08778324723243713
Accuracy: 0.9484896063804626
Epoch: 111 Batch: 1200 Loss: 0.1942315250635147
Accuracy: 0.9475781321525574
Epoch: 111 Batch: 1800 Loss: 0.09725163877010345
Accuracy: 0.9475868344306946
Epoch: 112 Batch: 600 Loss: 0.28064045310020447
Accuracy: 0.9467708468437195
Epoch: 112 Batch: 1200 Loss: 0.1551601141691208
Accuracy: 0.9475781321525574
Epoch: 112 Batch: 1800 Loss: 0.14129990339279175
Accuracy: 0.9476041793823242
Epoch: 113 Batch: 600 Loss: 0.1373601108789444
Accuracy: 0.9500000476837158
Epoch: 113 Batch: 1200 Loss: 0.4259060323238373
Accuracy: 0.9480729103088379
Epoch: 113 Batch: 1800 Loss: 0.13731516897678375
Accuracy: 0.9479340314865112
Epoch: 114 Batch: 600 Loss: 0.06803841143846512
Accuracy: 0.9479166865348816
Epoch: 114 Batch: 1200 Loss: 0.30103933811187744
Accuracy: 0.9480989575386047
Epoch: 114 Batch: 1800 Loss: 0.07642579823732376
Accuracy: 0.948715329170227
Epoch: 115 Batch: 600 Loss: 0.32921648025512695
Accuracy: 0.9504166841506958
Epoch: 115 Batch: 1200 Loss: 0.20131878554821014
Accuracy: 0.9482812881469727
Epoch: 115 Batch: 1800 Loss: 0.04303004965186119
Accuracy: 0.948680579662323
Epoch: 116 Batch: 600 Loss: 0.18656805157661438
Accuracy: 0.9503645896911621
Epoch: 116 Batch: 1200 Loss: 0.15239879488945007
Accuracy: 0.9498177170753479
Epoch: 116 Batch: 1800 Loss: 0.13943646848201752
Accuracy: 0.9495660066604614
Epoch: 117 Batch: 600 Loss: 0.13948088884353638
Accuracy: 0.9475520849227905
Epoch: 117 Batch: 1200 Loss: 0.08020217716693878
Accuracy: 0.9504166841506958
Epoch: 117 Batch: 1800 Loss: 0.13580958545207977
Accuracy: 0.9495660066604614
Epoch: 118 Batch: 600 Loss: 0.10029229521751404
Accuracy: 0.9515625238418579
Epoch: 118 Batch: 1200 Loss: 0.13416004180908203
Accuracy: 0.9502083659172058
Epoch: 118 Batch: 1800 Loss: 0.12125033140182495
Accuracy: 0.9505034685134888
Epoch: 119 Batch: 600 Loss: 0.2351120263338089
Accuracy: 0.9502083659172058
Epoch: 119 Batch: 1200 Loss: 0.1320170909166336
Accuracy: 0.950390636920929
Epoch: 119 Batch: 1800 Loss: 0.2104104906320572
Accuracy: 0.9504514336585999
Epoch: 120 Batch: 600 Loss: 0.28550946712493896
Accuracy: 0.9516146183013916
Epoch: 120 Batch: 1200 Loss: 0.4439960718154907
Accuracy: 0.950390636920929
Epoch: 120 Batch: 1800 Loss: 0.03684326633810997
Accuracy: 0.9508507251739502
Epoch: 121 Batch: 600 Loss: 0.1732340306043625
Accuracy: 0.9505729675292969
Epoch: 121 Batch: 1200 Loss: 0.09432119876146317
Accuracy: 0.9506770968437195
Epoch: 121 Batch: 1800 Loss: 0.25431761145591736
Accuracy: 0.9509896039962769
Epoch: 122 Batch: 600 Loss: 0.384934663772583
Accuracy: 0.9502083659172058
Epoch: 122 Batch: 1200 Loss: 0.08283155411481857
Accuracy: 0.9509375095367432
Epoch: 122 Batch: 1800 Loss: 0.028507255017757416
Accuracy: 0.9513542056083679
Epoch: 123 Batch: 600 Loss: 0.14896579086780548
Accuracy: 0.9517708420753479
Epoch: 123 Batch: 1200 Loss: 0.21664202213287354
Accuracy: 0.9506770968437195
Epoch: 123 Batch: 1800 Loss: 0.10037484765052795
Accuracy: 0.9513715505599976
Epoch: 124 Batch: 600 Loss: 0.06816162168979645
Accuracy: 0.953697919845581
Epoch: 124 Batch: 1200 Loss: 0.23436185717582703
Accuracy: 0.9515364766120911
Epoch: 124 Batch: 1800 Loss: 0.39766204357147217
Accuracy: 0.9516840577125549
Epoch: 125 Batch: 600 Loss: 0.07433411478996277
Accuracy: 0.9508854150772095
Epoch: 125 Batch: 1200 Loss: 0.3561585545539856
Accuracy: 0.9524219036102295
Epoch: 125 Batch: 1800 Loss: 0.09051491320133209
Accuracy: 0.952795147895813
Epoch: 126 Batch: 600 Loss: 0.579514741897583
Accuracy: 0.9539583325386047
Epoch: 126 Batch: 1200 Loss: 0.2535024583339691
Accuracy: 0.9530729651451111
Epoch: 126 Batch: 1800 Loss: 0.14018429815769196
Accuracy: 0.9530729651451111
Epoch: 127 Batch: 600 Loss: 0.2051372081041336
Accuracy: 0.9514583349227905
Epoch: 127 Batch: 1200 Loss: 0.04518847540020943
Accuracy: 0.9514843821525574
Epoch: 127 Batch: 1800 Loss: 0.05439518764615059
Accuracy: 0.952795147895813
Epoch: 128 Batch: 600 Loss: 0.030895737931132317
Accuracy: 0.951927125453949
Epoch: 128 Batch: 1200 Loss: 0.2682727873325348
Accuracy: 0.9532291889190674
Epoch: 128 Batch: 1800 Loss: 0.09390334784984589
Accuracy: 0.9535590410232544
Epoch: 129 Batch: 600 Loss: 0.09954199939966202
Accuracy: 0.9548958539962769
Epoch: 129 Batch: 1200 Loss: 0.12607574462890625
Accuracy: 0.954296886920929
Epoch: 129 Batch: 1800 Loss: 0.1350967139005661
Accuracy: 0.9538021087646484
Epoch: 130 Batch: 600 Loss: 0.08333884924650192
Accuracy: 0.9530208706855774
Epoch: 130 Batch: 1200 Loss: 0.07683771848678589
Accuracy: 0.9535937905311584
Epoch: 130 Batch: 1800 Loss: 0.05804730951786041
Accuracy: 0.9535069465637207
Epoch: 131 Batch: 600 Loss: 0.2222423106431961
Accuracy: 0.9543750286102295
Epoch: 131 Batch: 1200 Loss: 0.0571492463350296
Accuracy: 0.9530989527702332
Epoch: 131 Batch: 1800 Loss: 0.07240656763315201
Accuracy: 0.9540277719497681
Epoch: 132 Batch: 600 Loss: 0.020138129591941833
Accuracy: 0.953697919845581
Epoch: 132 Batch: 1200 Loss: 0.1030106320977211
Accuracy: 0.9544792175292969
Epoch: 132 Batch: 1800 Loss: 0.1050439327955246
Accuracy: 0.9543750286102295
Epoch: 133 Batch: 600 Loss: 0.24150921404361725
Accuracy: 0.9569792151451111
Epoch: 133 Batch: 1200 Loss: 0.1259848028421402
Accuracy: 0.9552083611488342
Epoch: 133 Batch: 1800 Loss: 0.05691037327051163
Accuracy: 0.9548958539962769
Epoch: 134 Batch: 600 Loss: 0.24864435195922852
Accuracy: 0.9528125524520874
Epoch: 134 Batch: 1200 Loss: 0.07960661500692368
Accuracy: 0.9539583325386047
Epoch: 134 Batch: 1800 Loss: 0.26677119731903076
Accuracy: 0.9553125500679016
Epoch: 135 Batch: 600 Loss: 0.05296344310045242
Accuracy: 0.953125
Epoch: 135 Batch: 1200 Loss: 0.12964506447315216
Accuracy: 0.9552604556083679
Epoch: 135 Batch: 1800 Loss: 0.07459229230880737
Accuracy: 0.9556249976158142
Epoch: 136 Batch: 600 Loss: 0.15476632118225098
Accuracy: 0.9555729627609253
Epoch: 136 Batch: 1200 Loss: 0.08078723400831223
Accuracy: 0.9560156464576721
Epoch: 136 Batch: 1800 Loss: 0.1853705644607544
Accuracy: 0.9557812809944153
Epoch: 137 Batch: 600 Loss: 0.13491348922252655
Accuracy: 0.953697919845581
Epoch: 137 Batch: 1200 Loss: 0.3399224281311035
Accuracy: 0.9550520777702332
Epoch: 137 Batch: 1800 Loss: 0.12482985854148865
Accuracy: 0.9556424021720886
Epoch: 138 Batch: 600 Loss: 0.2080133557319641
Accuracy: 0.9556770920753479
Epoch: 138 Batch: 1200 Loss: 0.2513412535190582
Accuracy: 0.9566406607627869
Epoch: 138 Batch: 1800 Loss: 0.14967431128025055
Accuracy: 0.9563368558883667
Epoch: 139 Batch: 600 Loss: 0.20176467299461365
Accuracy: 0.9556249976158142
Epoch: 139 Batch: 1200 Loss: 0.10752690583467484
Accuracy: 0.9561198353767395
Epoch: 139 Batch: 1800 Loss: 0.17554914951324463
Accuracy: 0.9563194513320923
Epoch: 140 Batch: 600 Loss: 0.056407246738672256
Accuracy: 0.9547396302223206
Epoch: 140 Batch: 1200 Loss: 0.2402380406856537
Accuracy: 0.9558594226837158
Epoch: 140 Batch: 1800 Loss: 0.04463217779994011
Accuracy: 0.957152783870697
Epoch: 141 Batch: 600 Loss: 0.07527042180299759
Accuracy: 0.9566667079925537
Epoch: 141 Batch: 1200 Loss: 0.1403871327638626
Accuracy: 0.9575781226158142
Epoch: 141 Batch: 1800 Loss: 0.10886039584875107
Accuracy: 0.9575347304344177
Epoch: 142 Batch: 600 Loss: 0.11654400825500488
Accuracy: 0.9561979174613953
Epoch: 142 Batch: 1200 Loss: 0.40190285444259644
Accuracy: 0.9571614861488342
Epoch: 142 Batch: 1800 Loss: 0.465383917093277
Accuracy: 0.9572916626930237
Epoch: 143 Batch: 600 Loss: 0.10822080075740814
Accuracy: 0.95640629529953
Epoch: 143 Batch: 1200 Loss: 0.10153701156377792
Accuracy: 0.9561979174613953
Epoch: 143 Batch: 1800 Loss: 0.034670840948820114
Accuracy: 0.9577083587646484
Epoch: 144 Batch: 600 Loss: 0.2906692624092102
Accuracy: 0.9563021063804626
Epoch: 144 Batch: 1200 Loss: 0.1609436422586441
Accuracy: 0.9579427242279053
Epoch: 144 Batch: 1800 Loss: 0.10446184128522873
Accuracy: 0.9578472375869751
Epoch: 145 Batch: 600 Loss: 0.02533142827451229
Accuracy: 0.9571354389190674
Epoch: 145 Batch: 1200 Loss: 0.15108352899551392
Accuracy: 0.9580729603767395
Epoch: 145 Batch: 1800 Loss: 0.06819126009941101
Accuracy: 0.9583159685134888
Epoch: 146 Batch: 600 Loss: 0.08471892774105072
Accuracy: 0.9580208659172058
Epoch: 146 Batch: 1200 Loss: 0.23495729267597198
Accuracy: 0.9582552313804626
Epoch: 146 Batch: 1800 Loss: 0.0751359686255455
Accuracy: 0.9583854675292969
Epoch: 147 Batch: 600 Loss: 0.03294992074370384
Accuracy: 0.9587500095367432
Epoch: 147 Batch: 1200 Loss: 0.07145299762487411
Accuracy: 0.9593750238418579
Epoch: 147 Batch: 1800 Loss: 0.43367433547973633
Accuracy: 0.9588368535041809
Epoch: 148 Batch: 600 Loss: 0.0937938243150711
Accuracy: 0.9586979150772095
Epoch: 148 Batch: 1200 Loss: 0.29267191886901855
Accuracy: 0.9588021039962769
Epoch: 148 Batch: 1800 Loss: 0.10876808315515518
Accuracy: 0.9589757323265076
Epoch: 149 Batch: 600 Loss: 0.2802281379699707
Accuracy: 0.9604687690734863
Epoch: 149 Batch: 1200 Loss: 0.13673919439315796
Accuracy: 0.9589062929153442
Epoch: 149 Batch: 1800 Loss: 0.07944492995738983
Accuracy: 0.9591146111488342
Epoch: 150 Batch: 600 Loss: 0.06613403558731079
Accuracy: 0.9600000381469727
Epoch: 150 Batch: 1200 Loss: 0.2131996899843216
Accuracy: 0.9596875309944153
Epoch: 150 Batch: 1800 Loss: 0.14001601934432983
Accuracy: 0.9593576788902283
Epoch: 151 Batch: 600 Loss: 0.10938671976327896
Accuracy: 0.9620312452316284
Epoch: 151 Batch: 1200 Loss: 0.169979065656662
Accuracy: 0.9608333706855774
Epoch: 151 Batch: 1800 Loss: 0.21422430872917175
Accuracy: 0.9600521326065063
Epoch: 152 Batch: 600 Loss: 0.025012465193867683
Accuracy: 0.9611979126930237
Epoch: 152 Batch: 1200 Loss: 0.21878014504909515
Accuracy: 0.9606510400772095
Epoch: 152 Batch: 1800 Loss: 0.20522035658359528
Accuracy: 0.9602951407432556
Epoch: 153 Batch: 600 Loss: 0.0769943967461586
Accuracy: 0.9611979126930237
Epoch: 153 Batch: 1200 Loss: 0.1441504955291748
Accuracy: 0.9596354365348816
Epoch: 153 Batch: 1800 Loss: 0.08530820906162262
Accuracy: 0.9603472352027893
Epoch: 154 Batch: 600 Loss: 0.40876030921936035
Accuracy: 0.9613541960716248
Epoch: 154 Batch: 1200 Loss: 0.18438416719436646
Accuracy: 0.9617447853088379
Epoch: 154 Batch: 1800 Loss: 0.2587231993675232
Accuracy: 0.9608680605888367
Epoch: 155 Batch: 600 Loss: 0.1479695737361908
Accuracy: 0.9616667032241821
Epoch: 155 Batch: 1200 Loss: 0.0880327969789505
Accuracy: 0.9620312452316284
Epoch: 155 Batch: 1800 Loss: 0.05740833282470703
Accuracy: 0.9613194465637207
Epoch: 156 Batch: 600 Loss: 0.13446202874183655
Accuracy: 0.9604166746139526
Epoch: 156 Batch: 1200 Loss: 0.4577942192554474
Accuracy: 0.9609114527702332
Epoch: 156 Batch: 1800 Loss: 0.10851950943470001
Accuracy: 0.961388885974884
Epoch: 157 Batch: 600 Loss: 0.41974762082099915
Accuracy: 0.9615625143051147
Epoch: 157 Batch: 1200 Loss: 0.38913851976394653
Accuracy: 0.9613281488418579
Epoch: 157 Batch: 1800 Loss: 0.0594722218811512
Accuracy: 0.9615278244018555
Epoch: 158 Batch: 600 Loss: 0.2968928813934326
Accuracy: 0.9612500071525574
Epoch: 158 Batch: 1200 Loss: 0.03264507278800011
Accuracy: 0.9620312452316284
Epoch: 158 Batch: 1800 Loss: 0.069083571434021
Accuracy: 0.9617013931274414
Epoch: 159 Batch: 600 Loss: 0.08283460140228271
Accuracy: 0.9633854627609253
Epoch: 159 Batch: 1200 Loss: 0.04815983399748802
Accuracy: 0.9622135758399963
Epoch: 159 Batch: 1800 Loss: 0.11758387833833694
Accuracy: 0.9619618058204651
Epoch: 160 Batch: 600 Loss: 0.12938891351222992
Accuracy: 0.9643229246139526
Epoch: 160 Batch: 1200 Loss: 0.11371105164289474
Accuracy: 0.9630990028381348
Epoch: 160 Batch: 1800 Loss: 0.328963041305542
Accuracy: 0.9620833396911621
Epoch: 161 Batch: 600 Loss: 0.3384416401386261
Accuracy: 0.9610937833786011
Epoch: 161 Batch: 1200 Loss: 0.14105789363384247
Accuracy: 0.9624479413032532
Epoch: 161 Batch: 1800 Loss: 0.13709667325019836
Accuracy: 0.9624826908111572
Epoch: 162 Batch: 600 Loss: 0.10176295787096024
Accuracy: 0.9629687666893005
Epoch: 162 Batch: 1200 Loss: 0.06503523141145706
Accuracy: 0.962890625
Epoch: 162 Batch: 1800 Loss: 0.3270162343978882
Accuracy: 0.9627777934074402
Epoch: 163 Batch: 600 Loss: 0.1033005341887474
Accuracy: 0.9627083539962769
Epoch: 163 Batch: 1200 Loss: 0.07587827742099762
Accuracy: 0.9628125429153442
Epoch: 163 Batch: 1800 Loss: 0.02804427035152912
Accuracy: 0.9628993272781372
Epoch: 164 Batch: 600 Loss: 0.07145462185144424
Accuracy: 0.9629166722297668
Epoch: 164 Batch: 1200 Loss: 0.030357377603650093
Accuracy: 0.96247398853302
Epoch: 164 Batch: 1800 Loss: 0.11485403776168823
Accuracy: 0.9631770849227905
Epoch: 165 Batch: 600 Loss: 0.15357311069965363
Accuracy: 0.9641146063804626
Epoch: 165 Batch: 1200 Loss: 0.1240089163184166
Accuracy: 0.9632031321525574
Epoch: 165 Batch: 1800 Loss: 0.099471814930439
Accuracy: 0.9632465243339539
Epoch: 166 Batch: 600 Loss: 0.2854754328727722
Accuracy: 0.9630208611488342
Epoch: 166 Batch: 1200 Loss: 0.11004766821861267
Accuracy: 0.96247398853302
Epoch: 166 Batch: 1800 Loss: 0.06639287620782852
Accuracy: 0.9637153148651123
Epoch: 167 Batch: 600 Loss: 0.049818892031908035
Accuracy: 0.9636979103088379
Epoch: 167 Batch: 1200 Loss: 0.5837292671203613
Accuracy: 0.9635156393051147
Epoch: 167 Batch: 1800 Loss: 0.1016388088464737
Accuracy: 0.9637326598167419
Epoch: 168 Batch: 600 Loss: 0.14535395801067352
Accuracy: 0.9634895920753479
Epoch: 168 Batch: 1200 Loss: 0.2064029723405838
Accuracy: 0.9640364646911621
Epoch: 168 Batch: 1800 Loss: 0.22563134133815765
Accuracy: 0.9639583826065063
Epoch: 169 Batch: 600 Loss: 0.09609460830688477
Accuracy: 0.9635416865348816
Epoch: 169 Batch: 1200 Loss: 0.17047280073165894
Accuracy: 0.9634895920753479
Epoch: 169 Batch: 1800 Loss: 0.05984317883849144
Accuracy: 0.9638020992279053
Epoch: 170 Batch: 600 Loss: 0.23828457295894623
Accuracy: 0.9651562571525574
Epoch: 170 Batch: 1200 Loss: 0.1750192940235138
Accuracy: 0.9644010663032532
Epoch: 170 Batch: 1800 Loss: 0.16392508149147034
Accuracy: 0.963975727558136
Epoch: 171 Batch: 600 Loss: 0.1764114946126938
Accuracy: 0.9633854627609253
Epoch: 171 Batch: 1200 Loss: 0.24154476821422577
Accuracy: 0.96421879529953
Epoch: 171 Batch: 1800 Loss: 0.37081068754196167
Accuracy: 0.9644618034362793
Epoch: 172 Batch: 600 Loss: 0.09482865035533905
Accuracy: 0.9663541913032532
Epoch: 172 Batch: 1200 Loss: 0.10609055310487747
Accuracy: 0.9647917151451111
Epoch: 172 Batch: 1800 Loss: 0.07469400018453598
Accuracy: 0.9646701812744141
Epoch: 173 Batch: 600 Loss: 0.08427828550338745
Accuracy: 0.9652083516120911
Epoch: 173 Batch: 1200 Loss: 0.2990211844444275
Accuracy: 0.9648958444595337
Epoch: 173 Batch: 1800 Loss: 0.06702561676502228
Accuracy: 0.964548647403717
Epoch: 174 Batch: 600 Loss: 0.07559215277433395
Accuracy: 0.9654687643051147
Epoch: 174 Batch: 1200 Loss: 0.16474834084510803
Accuracy: 0.9656510353088379
Epoch: 174 Batch: 1800 Loss: 0.051982246339321136
Accuracy: 0.9652604460716248
Epoch: 175 Batch: 600 Loss: 0.11532655358314514
Accuracy: 0.9653646349906921
Epoch: 175 Batch: 1200 Loss: 0.08781619369983673
Accuracy: 0.965807318687439
Epoch: 175 Batch: 1800 Loss: 0.34076130390167236
Accuracy: 0.9653298854827881
Epoch: 176 Batch: 600 Loss: 0.10139723867177963
Accuracy: 0.9665625095367432
Epoch: 176 Batch: 1200 Loss: 0.1544053703546524
Accuracy: 0.9660416841506958
Epoch: 176 Batch: 1800 Loss: 0.05707759037613869
Accuracy: 0.9656250476837158
Epoch: 177 Batch: 600 Loss: 0.09648182988166809
Accuracy: 0.964062511920929
Epoch: 177 Batch: 1200 Loss: 0.11252287030220032
Accuracy: 0.9650521278381348
Epoch: 177 Batch: 1800 Loss: 0.2553088366985321
Accuracy: 0.9656250476837158
Epoch: 178 Batch: 600 Loss: 0.11813803762197495
Accuracy: 0.9655208587646484
Epoch: 178 Batch: 1200 Loss: 0.10979930311441422
Accuracy: 0.9658594131469727
Epoch: 178 Batch: 1800 Loss: 0.269466370344162
Accuracy: 0.9653993248939514
Epoch: 179 Batch: 600 Loss: 0.07070250064134598
Accuracy: 0.9661458730697632
Epoch: 179 Batch: 1200 Loss: 0.09985917806625366
Accuracy: 0.9660677313804626
Epoch: 179 Batch: 1800 Loss: 0.6756731867790222
Accuracy: 0.9665278196334839
Epoch: 180 Batch: 600 Loss: 0.0764937475323677
Accuracy: 0.9644792079925537
Epoch: 180 Batch: 1200 Loss: 0.21316036581993103
Accuracy: 0.9655469059944153
Epoch: 180 Batch: 1800 Loss: 0.05394012853503227
Accuracy: 0.9664409756660461
Epoch: 181 Batch: 600 Loss: 0.21514485776424408
Accuracy: 0.9663020968437195
Epoch: 181 Batch: 1200 Loss: 0.2843879461288452
Accuracy: 0.9663541913032532
Epoch: 181 Batch: 1800 Loss: 0.04507431015372276
Accuracy: 0.9662326574325562
Epoch: 182 Batch: 600 Loss: 0.1022600308060646
Accuracy: 0.9669271111488342
Epoch: 182 Batch: 1200 Loss: 0.04848410561680794
Accuracy: 0.9675000309944153
Epoch: 182 Batch: 1800 Loss: 0.03828580304980278
Accuracy: 0.9666146039962769
Epoch: 183 Batch: 600 Loss: 0.06319237500429153
Accuracy: 0.9664583802223206
Epoch: 183 Batch: 1200 Loss: 0.14639616012573242
Accuracy: 0.9663541913032532
Epoch: 183 Batch: 1800 Loss: 0.04157909005880356
Accuracy: 0.9665972590446472
Epoch: 184 Batch: 600 Loss: 0.09288132190704346
Accuracy: 0.9657291769981384
Epoch: 184 Batch: 1200 Loss: 0.0556146539747715
Accuracy: 0.9665104150772095
Epoch: 184 Batch: 1800 Loss: 0.2251594364643097
Accuracy: 0.9667187929153442
Epoch: 185 Batch: 600 Loss: 0.15936003625392914
Accuracy: 0.96812504529953
Epoch: 185 Batch: 1200 Loss: 0.43093815445899963
Accuracy: 0.9683594107627869
Epoch: 185 Batch: 1800 Loss: 0.02991640195250511
Accuracy: 0.9672396183013916
Epoch: 186 Batch: 600 Loss: 0.2122507393360138
Accuracy: 0.9679166674613953
Epoch: 186 Batch: 1200 Loss: 0.14530879259109497
Accuracy: 0.9673437476158142
Epoch: 186 Batch: 1800 Loss: 0.08219499886035919
Accuracy: 0.967552125453949
Epoch: 187 Batch: 600 Loss: 0.04843464866280556
Accuracy: 0.9664583802223206
Epoch: 187 Batch: 1200 Loss: 0.12172345817089081
Accuracy: 0.9675781726837158
Epoch: 187 Batch: 1800 Loss: 0.0368010513484478
Accuracy: 0.9673264026641846
Epoch: 188 Batch: 600 Loss: 0.18598346412181854
Accuracy: 0.9669271111488342
Epoch: 188 Batch: 1200 Loss: 0.14455226063728333
Accuracy: 0.9668229222297668
Epoch: 188 Batch: 1800 Loss: 0.21417057514190674
Accuracy: 0.9674479365348816
Epoch: 189 Batch: 600 Loss: 0.20819096267223358
Accuracy: 0.9672917127609253
Epoch: 189 Batch: 1200 Loss: 0.04407111555337906
Accuracy: 0.9683594107627869
Epoch: 189 Batch: 1800 Loss: 0.09808975458145142
Accuracy: 0.9679166674613953
Epoch: 190 Batch: 600 Loss: 0.047330427914857864
Accuracy: 0.9663020968437195
Epoch: 190 Batch: 1200 Loss: 0.10894197225570679
Accuracy: 0.9669531583786011
Epoch: 190 Batch: 1800 Loss: 0.01938064955174923
Accuracy: 0.9677777886390686
Epoch: 191 Batch: 600 Loss: 0.03810371831059456
Accuracy: 0.9684895873069763
Epoch: 191 Batch: 1200 Loss: 0.05408669263124466
Accuracy: 0.9685937762260437
Epoch: 191 Batch: 1800 Loss: 0.2107420116662979
Accuracy: 0.968298614025116
Epoch: 192 Batch: 600 Loss: 0.08349090814590454
Accuracy: 0.9673437476158142
Epoch: 192 Batch: 1200 Loss: 0.05114332213997841
Accuracy: 0.9678385853767395
Epoch: 192 Batch: 1800 Loss: 0.0685071349143982
Accuracy: 0.9683507084846497
Epoch: 193 Batch: 600 Loss: 0.02761727385222912
Accuracy: 0.9703646302223206
Epoch: 193 Batch: 1200 Loss: 0.10128774493932724
Accuracy: 0.9693750143051147
Epoch: 193 Batch: 1800 Loss: 0.0875081717967987
Accuracy: 0.968628466129303
Epoch: 194 Batch: 600 Loss: 0.026452522724866867
Accuracy: 0.9688020944595337
Epoch: 194 Batch: 1200 Loss: 0.202618807554245
Accuracy: 0.9685677289962769
Epoch: 194 Batch: 1800 Loss: 0.2213125079870224
Accuracy: 0.9680208563804626
Epoch: 195 Batch: 600 Loss: 0.16220276057720184
Accuracy: 0.9695833325386047
Epoch: 195 Batch: 1200 Loss: 0.27622851729393005
Accuracy: 0.9679166674613953
Epoch: 195 Batch: 1800 Loss: 0.03904997184872627
Accuracy: 0.9683160185813904
Epoch: 196 Batch: 600 Loss: 0.1761453002691269
Accuracy: 0.969322919845581
Epoch: 196 Batch: 1200 Loss: 0.22577747702598572
Accuracy: 0.968177080154419
Epoch: 196 Batch: 1800 Loss: 0.11624784767627716
Accuracy: 0.9686979651451111
Epoch: 197 Batch: 600 Loss: 0.03355269134044647
Accuracy: 0.96854168176651
Epoch: 197 Batch: 1200 Loss: 0.10822808742523193
Accuracy: 0.9692968726158142
Epoch: 197 Batch: 1800 Loss: 0.029153870418667793
Accuracy: 0.968871533870697
Epoch: 198 Batch: 600 Loss: 0.051924921572208405
Accuracy: 0.9697396159172058
Epoch: 198 Batch: 1200 Loss: 0.38473668694496155
Accuracy: 0.969322919845581
Epoch: 198 Batch: 1800 Loss: 0.09981422126293182
Accuracy: 0.9689236283302307
Epoch: 199 Batch: 600 Loss: 0.28116610646247864
Accuracy: 0.9696354269981384
Epoch: 199 Batch: 1200 Loss: 0.056197378784418106
Accuracy: 0.9694010615348816
Epoch: 199 Batch: 1800 Loss: 0.08748640865087509
Accuracy: 0.9696007370948792
Epoch: 200 Batch: 600 Loss: 0.21536575257778168
Accuracy: 0.9676041603088379
Epoch: 200 Batch: 1200 Loss: 0.06695381551980972
Accuracy: 0.96854168176651
Epoch: 200 Batch: 1800 Loss: 0.016165724024176598
Accuracy: 0.9692361354827881
Epoch: 201 Batch: 600 Loss: 0.015495240688323975
Accuracy: 0.9691666960716248
Epoch: 201 Batch: 1200 Loss: 0.15527229011058807
Accuracy: 0.9696875214576721
Epoch: 201 Batch: 1800 Loss: 0.24069911241531372
Accuracy: 0.9697917103767395
Epoch: 202 Batch: 600 Loss: 0.2860637605190277
Accuracy: 0.9696875214576721
Epoch: 202 Batch: 1200 Loss: 0.34416255354881287
Accuracy: 0.9696093797683716
Epoch: 202 Batch: 1800 Loss: 0.06374756991863251
Accuracy: 0.9696875214576721
Epoch: 203 Batch: 600 Loss: 0.1020151749253273
Accuracy: 0.9695312976837158
Epoch: 203 Batch: 1200 Loss: 0.17268148064613342
Accuracy: 0.9698177576065063
Epoch: 203 Batch: 1800 Loss: 0.18296079337596893
Accuracy: 0.9697917103767395
Epoch: 204 Batch: 600 Loss: 0.03274498134851456
Accuracy: 0.9689583778381348
Epoch: 204 Batch: 1200 Loss: 0.1783854216337204
Accuracy: 0.969505250453949
Epoch: 204 Batch: 1800 Loss: 0.11635635793209076
Accuracy: 0.9696875214576721
Epoch: 205 Batch: 600 Loss: 0.14455047249794006
Accuracy: 0.9700000286102295
Epoch: 205 Batch: 1200 Loss: 0.03764430806040764
Accuracy: 0.9692968726158142
Epoch: 205 Batch: 1800 Loss: 0.03552653267979622
Accuracy: 0.9698784947395325
Epoch: 206 Batch: 600 Loss: 0.03171401843428612
Accuracy: 0.9702604413032532
Epoch: 206 Batch: 1200 Loss: 0.03946918621659279
Accuracy: 0.970130205154419
Epoch: 206 Batch: 1800 Loss: 0.40412595868110657
Accuracy: 0.9703472256660461
Epoch: 207 Batch: 600 Loss: 0.05281901732087135
Accuracy: 0.9709895849227905
Epoch: 207 Batch: 1200 Loss: 0.23481616377830505
Accuracy: 0.9709635376930237
Epoch: 207 Batch: 1800 Loss: 0.07339614629745483
Accuracy: 0.9703646302223206
Epoch: 208 Batch: 600 Loss: 0.061739351600408554
Accuracy: 0.9700000286102295
Epoch: 208 Batch: 1200 Loss: 0.13243629038333893
Accuracy: 0.970703125
Epoch: 208 Batch: 1800 Loss: 0.03573356568813324
Accuracy: 0.9708333611488342
Epoch: 209 Batch: 600 Loss: 0.011545678600668907
Accuracy: 0.96854168176651
Epoch: 209 Batch: 1200 Loss: 0.11406223475933075
Accuracy: 0.969713568687439
Epoch: 209 Batch: 1800 Loss: 0.0511074997484684
Accuracy: 0.9709895849227905
Epoch: 210 Batch: 600 Loss: 0.13973750174045563
Accuracy: 0.9717708826065063
Epoch: 210 Batch: 1200 Loss: 0.25058111548423767
Accuracy: 0.9709895849227905
Epoch: 210 Batch: 1800 Loss: 0.030309952795505524
Accuracy: 0.9707812666893005
Epoch: 211 Batch: 600 Loss: 0.06753630191087723
Accuracy: 0.9705208539962769
Epoch: 211 Batch: 1200 Loss: 0.0899992361664772
Accuracy: 0.9705989956855774
Epoch: 211 Batch: 1800 Loss: 0.02841319888830185
Accuracy: 0.9709722399711609
Epoch: 212 Batch: 600 Loss: 0.033027444034814835
Accuracy: 0.9693750143051147
Epoch: 212 Batch: 1200 Loss: 0.045360010117292404
Accuracy: 0.9709895849227905
Epoch: 212 Batch: 1800 Loss: 0.03924807161092758
Accuracy: 0.9709895849227905
Epoch: 213 Batch: 600 Loss: 0.03393057733774185
Accuracy: 0.9710416793823242
Epoch: 213 Batch: 1200 Loss: 0.11914422363042831
Accuracy: 0.9711979627609253
Epoch: 213 Batch: 1800 Loss: 0.048287712037563324
Accuracy: 0.9715104699134827
Epoch: 214 Batch: 600 Loss: 0.03434652462601662
Accuracy: 0.9707812666893005
Epoch: 214 Batch: 1200 Loss: 0.07788282632827759
Accuracy: 0.9715104699134827
Epoch: 214 Batch: 1800 Loss: 0.05227876454591751
Accuracy: 0.9715625047683716
Epoch: 215 Batch: 600 Loss: 0.02854735590517521
Accuracy: 0.9717708826065063
Epoch: 215 Batch: 1200 Loss: 0.045687176287174225
Accuracy: 0.9708073139190674
Epoch: 215 Batch: 1800 Loss: 0.02680351585149765
Accuracy: 0.9714409708976746
Epoch: 216 Batch: 600 Loss: 0.10392090678215027
Accuracy: 0.9704166650772095
Epoch: 216 Batch: 1200 Loss: 0.04643142223358154
Accuracy: 0.9715625047683716
Epoch: 216 Batch: 1800 Loss: 0.052501365542411804
Accuracy: 0.9719792008399963
Epoch: 217 Batch: 600 Loss: 0.02799857035279274
Accuracy: 0.9718229174613953
Epoch: 217 Batch: 1200 Loss: 0.07872610539197922
Accuracy: 0.9713281393051147
Epoch: 217 Batch: 1800 Loss: 0.17115359008312225
Accuracy: 0.9717013835906982
Epoch: 218 Batch: 600 Loss: 0.06581685692071915
Accuracy: 0.9723438024520874
Epoch: 218 Batch: 1200 Loss: 0.16348862648010254
Accuracy: 0.9723958373069763
Epoch: 218 Batch: 1800 Loss: 0.060210734605789185
Accuracy: 0.971996545791626
Epoch: 219 Batch: 600 Loss: 0.2549299895763397
Accuracy: 0.9725000262260437
Epoch: 219 Batch: 1200 Loss: 0.03797890990972519
Accuracy: 0.9731510877609253
Epoch: 219 Batch: 1800 Loss: 0.157721608877182
Accuracy: 0.9724305868148804
Epoch: 220 Batch: 600 Loss: 0.063626728951931
Accuracy: 0.9709895849227905
Epoch: 220 Batch: 1200 Loss: 0.082487091422081
Accuracy: 0.9717708826065063
Epoch: 220 Batch: 1800 Loss: 0.08849234133958817
Accuracy: 0.9725173711776733
Epoch: 221 Batch: 600 Loss: 0.04984584450721741
Accuracy: 0.9729687571525574
Epoch: 221 Batch: 1200 Loss: 0.032845448702573776
Accuracy: 0.9726042151451111
Epoch: 221 Batch: 1800 Loss: 0.11555042117834091
Accuracy: 0.9726042151451111
Epoch: 222 Batch: 600 Loss: 0.09928057342767715
Accuracy: 0.9725521206855774
Epoch: 222 Batch: 1200 Loss: 0.13203240931034088
Accuracy: 0.9721354246139526
Epoch: 222 Batch: 1800 Loss: 0.14608491957187653
Accuracy: 0.9728298783302307
Epoch: 223 Batch: 600 Loss: 0.03495894372463226
Accuracy: 0.9735416769981384
Epoch: 223 Batch: 1200 Loss: 0.08714628964662552
Accuracy: 0.9730468988418579
Epoch: 223 Batch: 1800 Loss: 0.08006805181503296
Accuracy: 0.9727951884269714
Epoch: 224 Batch: 600 Loss: 0.009962388314306736
Accuracy: 0.9736979603767395
Epoch: 224 Batch: 1200 Loss: 0.0039574457332491875
Accuracy: 0.9728646278381348
Epoch: 224 Batch: 1800 Loss: 0.30835863947868347
Accuracy: 0.9733681082725525
Epoch: 225 Batch: 600 Loss: 0.11387844383716583
Accuracy: 0.9721354246139526
Epoch: 225 Batch: 1200 Loss: 0.011927735060453415
Accuracy: 0.9730208516120911
Epoch: 225 Batch: 1800 Loss: 0.08189384639263153
Accuracy: 0.9736632108688354
Epoch: 226 Batch: 600 Loss: 0.11373968422412872
Accuracy: 0.9744791984558105
Epoch: 226 Batch: 1200 Loss: 0.032669004052877426
Accuracy: 0.9734895825386047
Epoch: 226 Batch: 1800 Loss: 0.08562137931585312
Accuracy: 0.9735937714576721
Epoch: 227 Batch: 600 Loss: 0.10502617806196213
Accuracy: 0.9743750095367432
Epoch: 227 Batch: 1200 Loss: 0.07358960062265396
Accuracy: 0.973619818687439
Epoch: 227 Batch: 1800 Loss: 0.008331100456416607
Accuracy: 0.9737499952316284
Epoch: 228 Batch: 600 Loss: 0.16289420425891876
Accuracy: 0.9748958349227905
Epoch: 228 Batch: 1200 Loss: 0.15692830085754395
Accuracy: 0.9740104675292969
Epoch: 228 Batch: 1800 Loss: 0.09526257961988449
Accuracy: 0.9734722375869751
Epoch: 229 Batch: 600 Loss: 0.1741735339164734
Accuracy: 0.9736979603767395
Epoch: 229 Batch: 1200 Loss: 0.2174793779850006
Accuracy: 0.973411500453949
Epoch: 229 Batch: 1800 Loss: 0.053664375096559525
Accuracy: 0.9739062786102295
Epoch: 230 Batch: 600 Loss: 0.28554126620292664
Accuracy: 0.9739583730697632
Epoch: 230 Batch: 1200 Loss: 0.030963314697146416
Accuracy: 0.9738802313804626
Epoch: 230 Batch: 1800 Loss: 0.1650378555059433
Accuracy: 0.9743055701255798
Epoch: 231 Batch: 600 Loss: 0.06043621152639389
Accuracy: 0.97223961353302
Epoch: 231 Batch: 1200 Loss: 0.12237579375505447
Accuracy: 0.9732031226158142
Epoch: 231 Batch: 1800 Loss: 0.010874809697270393
Accuracy: 0.9733854532241821
Epoch: 232 Batch: 600 Loss: 0.20923468470573425
Accuracy: 0.9745312929153442
Epoch: 232 Batch: 1200 Loss: 0.05378216132521629
Accuracy: 0.9733594059944153
Epoch: 232 Batch: 1800 Loss: 0.10381872206926346
Accuracy: 0.9742708802223206
Epoch: 233 Batch: 600 Loss: 0.09845826029777527
Accuracy: 0.97265625
Epoch: 233 Batch: 1200 Loss: 0.09411519765853882
Accuracy: 0.9740625023841858
Epoch: 233 Batch: 1800 Loss: 0.0766628161072731
Accuracy: 0.9744271039962769
Epoch: 234 Batch: 600 Loss: 0.04680893197655678
Accuracy: 0.9750521183013916
Epoch: 234 Batch: 1200 Loss: 0.12343776971101761
Accuracy: 0.9746614694595337
Epoch: 234 Batch: 1800 Loss: 0.07494451850652695
Accuracy: 0.9744965434074402
Epoch: 235 Batch: 600 Loss: 0.04538948833942413
Accuracy: 0.9747917056083679
Epoch: 235 Batch: 1200 Loss: 0.3549984097480774
Accuracy: 0.9752343893051147
Epoch: 235 Batch: 1800 Loss: 0.1868470311164856
Accuracy: 0.975034773349762
Epoch: 236 Batch: 600 Loss: 0.024945197626948357
Accuracy: 0.9745833277702332
Epoch: 236 Batch: 1200 Loss: 0.039925962686538696
Accuracy: 0.9747135639190674
Epoch: 236 Batch: 1800 Loss: 0.04165637120604515
Accuracy: 0.9745486378669739
Epoch: 237 Batch: 600 Loss: 0.03022012487053871
Accuracy: 0.9744271039962769
Epoch: 237 Batch: 1200 Loss: 0.06830189377069473
Accuracy: 0.9748697876930237
Epoch: 237 Batch: 1800 Loss: 0.05522863194346428
Accuracy: 0.9747917056083679
Epoch: 238 Batch: 600 Loss: 0.14885152876377106
Accuracy: 0.9773958325386047
Epoch: 238 Batch: 1200 Loss: 0.0496242456138134
Accuracy: 0.9763020873069763
Epoch: 238 Batch: 1800 Loss: 0.05535680428147316
Accuracy: 0.9753472208976746
Epoch: 239 Batch: 600 Loss: 0.026149826124310493
Accuracy: 0.9765625
Epoch: 239 Batch: 1200 Loss: 0.07904230058193207
Accuracy: 0.975364625453949
Epoch: 239 Batch: 1800 Loss: 0.015130381099879742
Accuracy: 0.9751215577125549
Epoch: 240 Batch: 600 Loss: 0.015608947724103928
Accuracy: 0.9762500524520874
Epoch: 240 Batch: 1200 Loss: 0.1429145336151123
Accuracy: 0.975781261920929
Epoch: 240 Batch: 1800 Loss: 0.052948158234357834
Accuracy: 0.975243091583252
Epoch: 241 Batch: 600 Loss: 0.14711570739746094
Accuracy: 0.9754687547683716
Epoch: 241 Batch: 1200 Loss: 0.037865348160266876
Accuracy: 0.9759114980697632
Epoch: 241 Batch: 1800 Loss: 0.06304669380187988
Accuracy: 0.9758333563804626
Epoch: 242 Batch: 600 Loss: 0.0849648118019104
Accuracy: 0.9769791960716248
Epoch: 242 Batch: 1200 Loss: 0.10694286972284317
Accuracy: 0.975572943687439
Epoch: 242 Batch: 1800 Loss: 0.061657149344682693
Accuracy: 0.9754687547683716
Epoch: 243 Batch: 600 Loss: 0.02704114094376564
Accuracy: 0.975781261920929
Epoch: 243 Batch: 1200 Loss: 0.19028815627098083
Accuracy: 0.9755208492279053
Epoch: 243 Batch: 1800 Loss: 0.0669192522764206
Accuracy: 0.9758333563804626
Epoch: 244 Batch: 600 Loss: 0.08767680823802948
Accuracy: 0.9740625023841858
Epoch: 244 Batch: 1200 Loss: 0.025930259376764297
Accuracy: 0.9750781655311584
Epoch: 244 Batch: 1800 Loss: 0.031376417726278305
Accuracy: 0.9756597280502319
Epoch: 245 Batch: 600 Loss: 0.0658709928393364
Accuracy: 0.9745312929153442
Epoch: 245 Batch: 1200 Loss: 0.08573371171951294
Accuracy: 0.9751302599906921
Epoch: 245 Batch: 1800 Loss: 0.1503480225801468
Accuracy: 0.97614586353302
Epoch: 246 Batch: 600 Loss: 0.04221149533987045
Accuracy: 0.9751562476158142
Epoch: 246 Batch: 1200 Loss: 0.028630638495087624
Accuracy: 0.9761719107627869
Epoch: 246 Batch: 1800 Loss: 0.02383509837090969
Accuracy: 0.9765625
Epoch: 247 Batch: 600 Loss: 0.030407195910811424
Accuracy: 0.9757291674613953
Epoch: 247 Batch: 1200 Loss: 0.08409106731414795
Accuracy: 0.9764583706855774
Epoch: 247 Batch: 1800 Loss: 0.0488903783261776
Accuracy: 0.9763889312744141
Epoch: 248 Batch: 600 Loss: 0.09650392830371857
Accuracy: 0.9775521159172058
Epoch: 248 Batch: 1200 Loss: 0.14122748374938965
Accuracy: 0.9763281345367432
Epoch: 248 Batch: 1800 Loss: 0.08385983854532242
Accuracy: 0.9764062762260437
Epoch: 249 Batch: 600 Loss: 0.12907534837722778
Accuracy: 0.9776042103767395
Epoch: 249 Batch: 1200 Loss: 0.09507620334625244
Accuracy: 0.97635418176651
Epoch: 249 Batch: 1800 Loss: 0.12146632373332977
Accuracy: 0.9763889312744141
Epoch: 250 Batch: 600 Loss: 0.054075662046670914
Accuracy: 0.9750000238418579
Epoch: 250 Batch: 1200 Loss: 0.06128804385662079
Accuracy: 0.975989580154419
Epoch: 250 Batch: 1800 Loss: 0.0449855700135231
Accuracy: 0.9767187833786011
Epoch: 251 Batch: 600 Loss: 0.039680950343608856
Accuracy: 0.9762500524520874
Epoch: 251 Batch: 1200 Loss: 0.023804211989045143
Accuracy: 0.9761719107627869
Epoch: 251 Batch: 1800 Loss: 0.01859152875840664
Accuracy: 0.9765799045562744
Epoch: 252 Batch: 600 Loss: 0.15883201360702515
Accuracy: 0.9769271016120911
Epoch: 252 Batch: 1200 Loss: 0.02258211001753807
Accuracy: 0.9768489599227905
Epoch: 252 Batch: 1800 Loss: 0.026135727763175964
Accuracy: 0.9767882227897644
Epoch: 253 Batch: 600 Loss: 0.01196229923516512
Accuracy: 0.9777083396911621
Epoch: 253 Batch: 1200 Loss: 0.020497506484389305
Accuracy: 0.9766406416893005
Epoch: 253 Batch: 1800 Loss: 0.07752148807048798
Accuracy: 0.977013885974884
Epoch: 254 Batch: 600 Loss: 0.1026666909456253
Accuracy: 0.9778646230697632
Epoch: 254 Batch: 1200 Loss: 0.039554402232170105
Accuracy: 0.9771614670753479
Epoch: 254 Batch: 1800 Loss: 0.18747371435165405
Accuracy: 0.9771701693534851
Epoch: 255 Batch: 600 Loss: 0.028787333518266678
Accuracy: 0.9766666889190674
Epoch: 255 Batch: 1200 Loss: 0.0226362906396389
Accuracy: 0.9762760400772095
Epoch: 255 Batch: 1800 Loss: 0.024226468056440353
Accuracy: 0.9771875143051147
Epoch: 256 Batch: 600 Loss: 0.017396291717886925
Accuracy: 0.9777604341506958
Epoch: 256 Batch: 1200 Loss: 0.1110340803861618
Accuracy: 0.9765364527702332
Epoch: 256 Batch: 1800 Loss: 0.012563813477754593
Accuracy: 0.9771180748939514
Epoch: 257 Batch: 600 Loss: 0.12840761244297028
Accuracy: 0.9769271016120911
Epoch: 257 Batch: 1200 Loss: 0.03384440392255783
Accuracy: 0.9772396087646484
Epoch: 257 Batch: 1800 Loss: 0.07364317774772644
Accuracy: 0.9773090481758118
Epoch: 258 Batch: 600 Loss: 0.02090385928750038
Accuracy: 0.9768229126930237
Epoch: 258 Batch: 1200 Loss: 0.06606487184762955
Accuracy: 0.9775000214576721
Epoch: 258 Batch: 1800 Loss: 0.02943483553826809
Accuracy: 0.9778125286102295
Epoch: 259 Batch: 600 Loss: 0.027112187817692757
Accuracy: 0.97635418176651
Epoch: 259 Batch: 1200 Loss: 0.031181488186120987
Accuracy: 0.9777604341506958
Epoch: 259 Batch: 1800 Loss: 0.08644475042819977
Accuracy: 0.9776389002799988
Epoch: 260 Batch: 600 Loss: 0.029151257127523422
Accuracy: 0.9776042103767395
Epoch: 260 Batch: 1200 Loss: 0.06449619680643082
Accuracy: 0.9775781631469727
Epoch: 260 Batch: 1800 Loss: 0.06727790087461472
Accuracy: 0.9775521159172058
Epoch: 261 Batch: 600 Loss: 0.125570148229599
Accuracy: 0.9783854484558105
Epoch: 261 Batch: 1200 Loss: 0.06908515840768814
Accuracy: 0.9784114956855774
Epoch: 261 Batch: 1800 Loss: 0.14237983524799347
Accuracy: 0.9780208468437195
Epoch: 262 Batch: 600 Loss: 0.016803130507469177
Accuracy: 0.9779167175292969
Epoch: 262 Batch: 1200 Loss: 0.03410133346915245
Accuracy: 0.9774739742279053
Epoch: 262 Batch: 1800 Loss: 0.16170968115329742
Accuracy: 0.9776736497879028
Epoch: 263 Batch: 600 Loss: 0.05528431758284569
Accuracy: 0.9784375429153442
Epoch: 263 Batch: 1200 Loss: 0.030004682019352913
Accuracy: 0.9779167175292969
Epoch: 263 Batch: 1800 Loss: 0.01371882576495409
Accuracy: 0.9781771302223206
Epoch: 264 Batch: 600 Loss: 0.09567278623580933
Accuracy: 0.9784375429153442
Epoch: 264 Batch: 1200 Loss: 0.058548666536808014
Accuracy: 0.9782031774520874
Epoch: 264 Batch: 1800 Loss: 0.021977368742227554
Accuracy: 0.9782812595367432
Epoch: 265 Batch: 600 Loss: 0.04232943803071976
Accuracy: 0.9799479246139526
Epoch: 265 Batch: 1200 Loss: 0.00788191705942154
Accuracy: 0.9786198139190674
Epoch: 265 Batch: 1800 Loss: 0.03799857571721077
Accuracy: 0.9782291650772095
Epoch: 266 Batch: 600 Loss: 0.12504297494888306
Accuracy: 0.979895830154419
Epoch: 266 Batch: 1200 Loss: 0.10407022386789322
Accuracy: 0.9786458611488342
Epoch: 266 Batch: 1800 Loss: 0.02875870279967785
Accuracy: 0.9783506989479065
Epoch: 267 Batch: 600 Loss: 0.15921030938625336
Accuracy: 0.9783333539962769
Epoch: 267 Batch: 1200 Loss: 0.03593926876783371
Accuracy: 0.9776822924613953
Epoch: 267 Batch: 1800 Loss: 0.21941174566745758
Accuracy: 0.9784895777702332
Epoch: 268 Batch: 600 Loss: 0.10463933646678925
Accuracy: 0.9778646230697632
Epoch: 268 Batch: 1200 Loss: 0.03942183032631874
Accuracy: 0.9782291650772095
Epoch: 268 Batch: 1800 Loss: 0.01628980040550232
Accuracy: 0.9781597256660461
Epoch: 269 Batch: 600 Loss: 0.07425224035978317
Accuracy: 0.9772917032241821
Epoch: 269 Batch: 1200 Loss: 0.04498691484332085
Accuracy: 0.9781250357627869
Epoch: 269 Batch: 1800 Loss: 0.06523967534303665
Accuracy: 0.9785243272781372
Epoch: 270 Batch: 600 Loss: 0.04147900640964508
Accuracy: 0.9789062738418579
Epoch: 270 Batch: 1200 Loss: 0.13667012751102448
Accuracy: 0.9791927337646484
Epoch: 270 Batch: 1800 Loss: 0.11816180497407913
Accuracy: 0.9785937666893005
Epoch: 271 Batch: 600 Loss: 0.0333063043653965
Accuracy: 0.9786979556083679
Epoch: 271 Batch: 1200 Loss: 0.02556031011044979
Accuracy: 0.9792969226837158
Epoch: 271 Batch: 1800 Loss: 0.11905337870121002
Accuracy: 0.9792187809944153
Epoch: 272 Batch: 600 Loss: 0.032016217708587646
Accuracy: 0.98026043176651
Epoch: 272 Batch: 1200 Loss: 0.07544653117656708
Accuracy: 0.9795312881469727
Epoch: 272 Batch: 1800 Loss: 0.03562341630458832
Accuracy: 0.9791145920753479
Epoch: 273 Batch: 600 Loss: 0.1414412260055542
Accuracy: 0.9792187809944153
Epoch: 273 Batch: 1200 Loss: 0.08122365176677704
Accuracy: 0.9792969226837158
Epoch: 273 Batch: 1800 Loss: 0.16852432489395142
Accuracy: 0.9791319966316223
Epoch: 274 Batch: 600 Loss: 0.03794490545988083
Accuracy: 0.9778125286102295
Epoch: 274 Batch: 1200 Loss: 0.13312095403671265
Accuracy: 0.9786979556083679
Epoch: 274 Batch: 1800 Loss: 0.11167019605636597
Accuracy: 0.9790278077125549
Epoch: 275 Batch: 600 Loss: 0.0447508841753006
Accuracy: 0.979479193687439
Epoch: 275 Batch: 1200 Loss: 0.030842984095215797
Accuracy: 0.979687511920929
Epoch: 275 Batch: 1800 Loss: 0.016148744150996208
Accuracy: 0.9793055653572083
Epoch: 276 Batch: 600 Loss: 0.03335943445563316
Accuracy: 0.9803125262260437
Epoch: 276 Batch: 1200 Loss: 0.10663705319166183
Accuracy: 0.9797135591506958
Epoch: 276 Batch: 1800 Loss: 0.05753149092197418
Accuracy: 0.9794270992279053
Epoch: 277 Batch: 600 Loss: 0.027188614010810852
Accuracy: 0.9793750047683716
Epoch: 277 Batch: 1200 Loss: 0.09539742767810822
Accuracy: 0.9794270992279053
Epoch: 277 Batch: 1800 Loss: 0.09350959956645966
Accuracy: 0.9796354174613953
Epoch: 278 Batch: 600 Loss: 0.05695551633834839
Accuracy: 0.98005211353302
Epoch: 278 Batch: 1200 Loss: 0.04008441045880318
Accuracy: 0.9798177480697632
Epoch: 278 Batch: 1800 Loss: 0.11387065052986145
Accuracy: 0.979600727558136
Epoch: 279 Batch: 600 Loss: 0.28125450015068054
Accuracy: 0.979895830154419
Epoch: 279 Batch: 1200 Loss: 0.03723566234111786
Accuracy: 0.9795573353767395
Epoch: 279 Batch: 1800 Loss: 0.1191459372639656
Accuracy: 0.979722261428833
Epoch: 280 Batch: 600 Loss: 0.05015771463513374
Accuracy: 0.9787500500679016
Epoch: 280 Batch: 1200 Loss: 0.017972884699702263
Accuracy: 0.9797656536102295
Epoch: 280 Batch: 1800 Loss: 0.0337810181081295
Accuracy: 0.9798263907432556
Epoch: 281 Batch: 600 Loss: 0.04255504161119461
Accuracy: 0.979687511920929
Epoch: 281 Batch: 1200 Loss: 0.02151789702475071
Accuracy: 0.9801822900772095
Epoch: 281 Batch: 1800 Loss: 0.1468985378742218
Accuracy: 0.979809045791626
Epoch: 282 Batch: 600 Loss: 0.010573186911642551
Accuracy: 0.9801563024520874
Epoch: 282 Batch: 1200 Loss: 0.052477363497018814
Accuracy: 0.9806250333786011
Epoch: 282 Batch: 1800 Loss: 0.15641732513904572
Accuracy: 0.9802257418632507
Epoch: 283 Batch: 600 Loss: 0.018872804939746857
Accuracy: 0.98005211353302
Epoch: 283 Batch: 1200 Loss: 0.08585894107818604
Accuracy: 0.9800781607627869
Epoch: 283 Batch: 1800 Loss: 0.027692964300513268
Accuracy: 0.9800868034362793
Epoch: 284 Batch: 600 Loss: 0.05679445341229439
Accuracy: 0.9809896349906921
Epoch: 284 Batch: 1200 Loss: 0.02946196310222149
Accuracy: 0.9805208444595337
Epoch: 284 Batch: 1800 Loss: 0.05478118732571602
Accuracy: 0.9803472757339478
Epoch: 285 Batch: 600 Loss: 0.021061621606349945
Accuracy: 0.9808854460716248
Epoch: 285 Batch: 1200 Loss: 0.01288510113954544
Accuracy: 0.9806510806083679
Epoch: 285 Batch: 1800 Loss: 0.018699824810028076
Accuracy: 0.9801909923553467
Epoch: 286 Batch: 600 Loss: 0.02290630340576172
Accuracy: 0.9800000190734863
Epoch: 286 Batch: 1200 Loss: 0.03903639316558838
Accuracy: 0.9805468916893005
Epoch: 286 Batch: 1800 Loss: 0.051909055560827255
Accuracy: 0.9802083373069763
Epoch: 287 Batch: 600 Loss: 0.0296030193567276
Accuracy: 0.9805729389190674
Epoch: 287 Batch: 1200 Loss: 0.07406462728977203
Accuracy: 0.9811979532241821
Epoch: 287 Batch: 1800 Loss: 0.0414348728954792
Accuracy: 0.9803125262260437
Epoch: 288 Batch: 600 Loss: 0.19457115232944489
Accuracy: 0.9809896349906921
Epoch: 288 Batch: 1200 Loss: 0.012685457244515419
Accuracy: 0.9811719059944153
Epoch: 288 Batch: 1800 Loss: 0.058903131633996964
Accuracy: 0.9805555939674377
Epoch: 289 Batch: 600 Loss: 0.07230085134506226
Accuracy: 0.9795312881469727
Epoch: 289 Batch: 1200 Loss: 0.021097280085086823
Accuracy: 0.9801822900772095
Epoch: 289 Batch: 1800 Loss: 0.030578680336475372
Accuracy: 0.980711817741394
Epoch: 290 Batch: 600 Loss: 0.10427237302064896
Accuracy: 0.9815104603767395
Epoch: 290 Batch: 1200 Loss: 0.04561353102326393
Accuracy: 0.981224000453949
Epoch: 290 Batch: 1800 Loss: 0.006460455246269703
Accuracy: 0.9807639122009277
Epoch: 291 Batch: 600 Loss: 0.04529419541358948
Accuracy: 0.9811458587646484
Epoch: 291 Batch: 1200 Loss: 0.010805759578943253
Accuracy: 0.9802864789962769
Epoch: 291 Batch: 1800 Loss: 0.038164492696523666
Accuracy: 0.9807291626930237
Epoch: 292 Batch: 600 Loss: 0.009981993585824966
Accuracy: 0.9807812571525574
Epoch: 292 Batch: 1200 Loss: 0.02427760697901249
Accuracy: 0.9810677170753479
Epoch: 292 Batch: 1800 Loss: 0.04337982088327408
Accuracy: 0.9808681011199951
Epoch: 293 Batch: 600 Loss: 0.13798516988754272
Accuracy: 0.9806250333786011
Epoch: 293 Batch: 1200 Loss: 0.1381988227367401
Accuracy: 0.9808073043823242
Epoch: 293 Batch: 1800 Loss: 0.06704999506473541
Accuracy: 0.9806597232818604
Epoch: 294 Batch: 600 Loss: 0.20572924613952637
Accuracy: 0.9823437929153442
Epoch: 294 Batch: 1200 Loss: 0.10925574600696564
Accuracy: 0.9810156226158142
Epoch: 294 Batch: 1800 Loss: 0.02771366387605667
Accuracy: 0.9813541769981384
Epoch: 295 Batch: 600 Loss: 0.03293710574507713
Accuracy: 0.9819270968437195
Epoch: 295 Batch: 1200 Loss: 0.05928105488419533
Accuracy: 0.9811458587646484
Epoch: 295 Batch: 1800 Loss: 0.027859261259436607
Accuracy: 0.9810937643051147
Epoch: 296 Batch: 600 Loss: 0.14171601831912994
Accuracy: 0.9819791913032532
Epoch: 296 Batch: 1200 Loss: 0.07772333174943924
Accuracy: 0.9811719059944153
Epoch: 296 Batch: 1800 Loss: 0.0654267892241478
Accuracy: 0.9811979532241821
Epoch: 297 Batch: 600 Loss: 0.05119337514042854
Accuracy: 0.9809375405311584
Epoch: 297 Batch: 1200 Loss: 0.11795041710138321
Accuracy: 0.9811979532241821
Epoch: 297 Batch: 1800 Loss: 0.05516139790415764
Accuracy: 0.9813368320465088
Epoch: 298 Batch: 600 Loss: 0.03849245607852936
Accuracy: 0.9797396063804626
Epoch: 298 Batch: 1200 Loss: 0.031384021043777466
Accuracy: 0.9804167151451111
Epoch: 298 Batch: 1800 Loss: 0.1301969587802887
Accuracy: 0.9813889265060425
Epoch: 299 Batch: 600 Loss: 0.017238041386008263
Accuracy: 0.9822916984558105
Epoch: 299 Batch: 1200 Loss: 0.04611686244606972
Accuracy: 0.9818229675292969
Epoch: 299 Batch: 1800 Loss: 0.009011127054691315
Accuracy: 0.9814930558204651
Training took 1836.530743598938 seconds.
