Epoch: 0 Batch: 600 Loss: 2.2995212078094482
Accuracy: 0.10343750566244125
Epoch: 0 Batch: 1200 Loss: 2.298438310623169
Accuracy: 0.10731770843267441
Epoch: 0 Batch: 1800 Loss: 2.302666187286377
Accuracy: 0.11817708611488342
Epoch: 1 Batch: 600 Loss: 2.295565605163574
Accuracy: 0.16572916507720947
Epoch: 1 Batch: 1200 Loss: 2.2985641956329346
Accuracy: 0.17552083730697632
Epoch: 1 Batch: 1800 Loss: 2.2951369285583496
Accuracy: 0.18708333373069763
Epoch: 2 Batch: 600 Loss: 2.297197103500366
Accuracy: 0.27000001072883606
Epoch: 2 Batch: 1200 Loss: 2.288877248764038
Accuracy: 0.2690885365009308
Epoch: 2 Batch: 1800 Loss: 2.2906343936920166
Accuracy: 0.2563541829586029
Epoch: 3 Batch: 600 Loss: 2.289051055908203
Accuracy: 0.18723958730697632
Epoch: 3 Batch: 1200 Loss: 2.299467086791992
Accuracy: 0.18236979842185974
Epoch: 3 Batch: 1800 Loss: 2.286485195159912
Accuracy: 0.16892361640930176
Epoch: 4 Batch: 600 Loss: 2.2890093326568604
Accuracy: 0.14880208671092987
Epoch: 4 Batch: 1200 Loss: 2.2936673164367676
Accuracy: 0.14924480020999908
Epoch: 4 Batch: 1800 Loss: 2.2897090911865234
Accuracy: 0.14909721910953522
Epoch: 5 Batch: 600 Loss: 2.2833380699157715
Accuracy: 0.15322917699813843
Epoch: 5 Batch: 1200 Loss: 2.2774569988250732
Accuracy: 0.1541406214237213
Epoch: 5 Batch: 1800 Loss: 2.2970261573791504
Accuracy: 0.15720486640930176
Epoch: 6 Batch: 600 Loss: 2.2910139560699463
Accuracy: 0.1821874976158142
Epoch: 6 Batch: 1200 Loss: 2.2824153900146484
Accuracy: 0.19044271111488342
Epoch: 6 Batch: 1800 Loss: 2.2707576751708984
Accuracy: 0.19963541626930237
Epoch: 7 Batch: 600 Loss: 2.2791733741760254
Accuracy: 0.23927083611488342
Epoch: 7 Batch: 1200 Loss: 2.2590510845184326
Accuracy: 0.2462500035762787
Epoch: 7 Batch: 1800 Loss: 2.2616281509399414
Accuracy: 0.2547743022441864
Epoch: 8 Batch: 600 Loss: 2.2585630416870117
Accuracy: 0.28947916626930237
Epoch: 8 Batch: 1200 Loss: 2.254321575164795
Accuracy: 0.3006249964237213
Epoch: 8 Batch: 1800 Loss: 2.2565743923187256
Accuracy: 0.3059374988079071
Epoch: 9 Batch: 600 Loss: 2.2600045204162598
Accuracy: 0.3322395980358124
Epoch: 9 Batch: 1200 Loss: 2.211717367172241
Accuracy: 0.33960938453674316
Epoch: 9 Batch: 1800 Loss: 2.2395451068878174
Accuracy: 0.3417361080646515
Epoch: 10 Batch: 600 Loss: 2.2097623348236084
Accuracy: 0.359375
Epoch: 10 Batch: 1200 Loss: 2.1347718238830566
Accuracy: 0.365234375
Epoch: 10 Batch: 1800 Loss: 2.1838536262512207
Accuracy: 0.36758682131767273
Epoch: 11 Batch: 600 Loss: 2.1404879093170166
Accuracy: 0.3683854341506958
Epoch: 11 Batch: 1200 Loss: 2.159205913543701
Accuracy: 0.3668229281902313
Epoch: 11 Batch: 1800 Loss: 2.1571664810180664
Accuracy: 0.3678298592567444
Epoch: 12 Batch: 600 Loss: 2.107860803604126
Accuracy: 0.37322917580604553
Epoch: 12 Batch: 1200 Loss: 2.0610570907592773
Accuracy: 0.37322917580604553
Epoch: 12 Batch: 1800 Loss: 2.1263129711151123
Accuracy: 0.3740277886390686
Epoch: 13 Batch: 600 Loss: 2.046675682067871
Accuracy: 0.38458335399627686
Epoch: 13 Batch: 1200 Loss: 1.8534282445907593
Accuracy: 0.3850781321525574
Epoch: 13 Batch: 1800 Loss: 1.9895427227020264
Accuracy: 0.39175349473953247
Epoch: 14 Batch: 600 Loss: 1.9607142210006714
Accuracy: 0.4129687547683716
Epoch: 14 Batch: 1200 Loss: 1.706662654876709
Accuracy: 0.4188802242279053
Epoch: 14 Batch: 1800 Loss: 1.8336776494979858
Accuracy: 0.4289409816265106
Epoch: 15 Batch: 600 Loss: 1.652269959449768
Accuracy: 0.46645835041999817
Epoch: 15 Batch: 1200 Loss: 1.5834211111068726
Accuracy: 0.478515625
Epoch: 15 Batch: 1800 Loss: 1.5812387466430664
Accuracy: 0.48842015862464905
Epoch: 16 Batch: 600 Loss: 1.5648688077926636
Accuracy: 0.5282291769981384
Epoch: 16 Batch: 1200 Loss: 1.6399303674697876
Accuracy: 0.5358333587646484
Epoch: 16 Batch: 1800 Loss: 1.732114553451538
Accuracy: 0.5489583611488342
Epoch: 17 Batch: 600 Loss: 1.3307132720947266
Accuracy: 0.5948437452316284
Epoch: 17 Batch: 1200 Loss: 1.2929257154464722
Accuracy: 0.6057031154632568
Epoch: 17 Batch: 1800 Loss: 1.4127267599105835
Accuracy: 0.6150694489479065
Epoch: 18 Batch: 600 Loss: 1.1963354349136353
Accuracy: 0.6479687690734863
Epoch: 18 Batch: 1200 Loss: 1.343377709388733
Accuracy: 0.6541666984558105
Epoch: 18 Batch: 1800 Loss: 1.3103458881378174
Accuracy: 0.6600521206855774
Epoch: 19 Batch: 600 Loss: 1.1376928091049194
Accuracy: 0.6813020706176758
Epoch: 19 Batch: 1200 Loss: 1.0748473405838013
Accuracy: 0.6843229532241821
Epoch: 19 Batch: 1800 Loss: 1.329935073852539
Accuracy: 0.6888889074325562
Epoch: 20 Batch: 600 Loss: 1.056776523590088
Accuracy: 0.7075000405311584
Epoch: 20 Batch: 1200 Loss: 1.0080329179763794
Accuracy: 0.7125260829925537
Epoch: 20 Batch: 1800 Loss: 1.029524326324463
Accuracy: 0.7167534828186035
Epoch: 21 Batch: 600 Loss: 1.0485225915908813
Accuracy: 0.731041669845581
Epoch: 21 Batch: 1200 Loss: 0.6894196271896362
Accuracy: 0.7406250238418579
Epoch: 21 Batch: 1800 Loss: 0.9515241384506226
Accuracy: 0.74546879529953
Epoch: 22 Batch: 600 Loss: 0.7746661305427551
Accuracy: 0.7664583325386047
Epoch: 22 Batch: 1200 Loss: 1.0077283382415771
Accuracy: 0.7706249952316284
Epoch: 22 Batch: 1800 Loss: 0.777502715587616
Accuracy: 0.7750694751739502
Epoch: 23 Batch: 600 Loss: 0.7910193800926208
Accuracy: 0.7911979556083679
Epoch: 23 Batch: 1200 Loss: 0.7197668552398682
Accuracy: 0.7979947924613953
Epoch: 23 Batch: 1800 Loss: 0.757300853729248
Accuracy: 0.8005034923553467
Epoch: 24 Batch: 600 Loss: 0.5434157848358154
Accuracy: 0.8114062547683716
Epoch: 24 Batch: 1200 Loss: 0.8284351825714111
Accuracy: 0.8162500262260437
Epoch: 24 Batch: 1800 Loss: 0.43204939365386963
Accuracy: 0.8185243010520935
Epoch: 25 Batch: 600 Loss: 0.824843168258667
Accuracy: 0.832604169845581
Epoch: 25 Batch: 1200 Loss: 0.835037350654602
Accuracy: 0.8331770896911621
Epoch: 25 Batch: 1800 Loss: 0.6202311515808105
Accuracy: 0.8315625190734863
Epoch: 26 Batch: 600 Loss: 0.6495220065116882
Accuracy: 0.8402604460716248
Epoch: 26 Batch: 1200 Loss: 0.8491621017456055
Accuracy: 0.84158855676651
Epoch: 26 Batch: 1800 Loss: 0.910540759563446
Accuracy: 0.8423264026641846
Epoch: 27 Batch: 600 Loss: 0.3934647738933563
Accuracy: 0.8547917008399963
Epoch: 27 Batch: 1200 Loss: 0.6942023634910583
Accuracy: 0.8517969250679016
Epoch: 27 Batch: 1800 Loss: 0.7633052468299866
Accuracy: 0.8520486354827881
Epoch: 28 Batch: 600 Loss: 0.6380901336669922
Accuracy: 0.8598437905311584
Epoch: 28 Batch: 1200 Loss: 0.5200827717781067
Accuracy: 0.8593229651451111
Epoch: 28 Batch: 1800 Loss: 0.4798833131790161
Accuracy: 0.8598090410232544
Epoch: 29 Batch: 600 Loss: 0.7174198627471924
Accuracy: 0.8644270896911621
Epoch: 29 Batch: 1200 Loss: 0.6536116600036621
Accuracy: 0.8655208349227905
Epoch: 29 Batch: 1800 Loss: 0.39696407318115234
Accuracy: 0.8657639026641846
Epoch: 30 Batch: 600 Loss: 0.3257327675819397
Accuracy: 0.8740625381469727
Epoch: 30 Batch: 1200 Loss: 0.19249586760997772
Accuracy: 0.8714323043823242
Epoch: 30 Batch: 1800 Loss: 0.4276209771633148
Accuracy: 0.8711458444595337
Epoch: 31 Batch: 600 Loss: 0.44865256547927856
Accuracy: 0.8763542175292969
Epoch: 31 Batch: 1200 Loss: 0.5382853150367737
Accuracy: 0.8764843940734863
Epoch: 31 Batch: 1800 Loss: 0.771169900894165
Accuracy: 0.8753299117088318
Epoch: 32 Batch: 600 Loss: 0.3600882887840271
Accuracy: 0.8787500262260437
Epoch: 32 Batch: 1200 Loss: 0.5899101495742798
Accuracy: 0.8790885806083679
Epoch: 32 Batch: 1800 Loss: 0.467587947845459
Accuracy: 0.8781076669692993
Epoch: 33 Batch: 600 Loss: 0.5232433080673218
Accuracy: 0.8811979293823242
Epoch: 33 Batch: 1200 Loss: 0.3936888873577118
Accuracy: 0.8795052170753479
Epoch: 33 Batch: 1800 Loss: 0.3166418671607971
Accuracy: 0.8806250095367432
Epoch: 34 Batch: 600 Loss: 0.28504225611686707
Accuracy: 0.8791666626930237
Epoch: 34 Batch: 1200 Loss: 0.6721833348274231
Accuracy: 0.8807031512260437
Epoch: 34 Batch: 1800 Loss: 0.276425302028656
Accuracy: 0.8833680748939514
Epoch: 35 Batch: 600 Loss: 0.15935233235359192
Accuracy: 0.8832291960716248
Epoch: 35 Batch: 1200 Loss: 0.39936140179634094
Accuracy: 0.8841667175292969
Epoch: 35 Batch: 1800 Loss: 0.39135444164276123
Accuracy: 0.886059045791626
Epoch: 36 Batch: 600 Loss: 0.26036667823791504
Accuracy: 0.8865625262260437
Epoch: 36 Batch: 1200 Loss: 0.32314532995224
Accuracy: 0.88609379529953
Epoch: 36 Batch: 1800 Loss: 0.34619390964508057
Accuracy: 0.8872743248939514
Epoch: 37 Batch: 600 Loss: 0.2786967158317566
Accuracy: 0.8905208706855774
Epoch: 37 Batch: 1200 Loss: 0.37395936250686646
Accuracy: 0.8899219036102295
Epoch: 37 Batch: 1800 Loss: 0.6841985583305359
Accuracy: 0.8896006941795349
Epoch: 38 Batch: 600 Loss: 0.2003166675567627
Accuracy: 0.8918229341506958
Epoch: 38 Batch: 1200 Loss: 0.37967899441719055
Accuracy: 0.8897135853767395
Epoch: 38 Batch: 1800 Loss: 0.4956500828266144
Accuracy: 0.8906424045562744
Epoch: 39 Batch: 600 Loss: 0.3799494802951813
Accuracy: 0.8894791603088379
Epoch: 39 Batch: 1200 Loss: 0.4459071457386017
Accuracy: 0.89000004529953
Epoch: 39 Batch: 1800 Loss: 0.1827646791934967
Accuracy: 0.893211841583252
Epoch: 40 Batch: 600 Loss: 0.3621947765350342
Accuracy: 0.8927604556083679
Epoch: 40 Batch: 1200 Loss: 0.33382922410964966
Accuracy: 0.893333375453949
Epoch: 40 Batch: 1800 Loss: 0.3685694932937622
Accuracy: 0.8942187428474426
Epoch: 41 Batch: 600 Loss: 0.22278274595737457
Accuracy: 0.8934375047683716
Epoch: 41 Batch: 1200 Loss: 0.15284641087055206
Accuracy: 0.8946093916893005
Epoch: 41 Batch: 1800 Loss: 0.4586792588233948
Accuracy: 0.8954514265060425
Epoch: 42 Batch: 600 Loss: 0.48227477073669434
Accuracy: 0.8969271183013916
Epoch: 42 Batch: 1200 Loss: 0.3896294832229614
Accuracy: 0.8959895968437195
Epoch: 42 Batch: 1800 Loss: 0.2875920832157135
Accuracy: 0.8965798616409302
Epoch: 43 Batch: 600 Loss: 0.2548525333404541
Accuracy: 0.8993750214576721
Epoch: 43 Batch: 1200 Loss: 0.17871810495853424
Accuracy: 0.8977864980697632
Epoch: 43 Batch: 1800 Loss: 0.3122069835662842
Accuracy: 0.8974826335906982
Epoch: 44 Batch: 600 Loss: 0.16226452589035034
Accuracy: 0.8971875309944153
Epoch: 44 Batch: 1200 Loss: 0.25597500801086426
Accuracy: 0.8985937833786011
Epoch: 44 Batch: 1800 Loss: 0.7557471394538879
Accuracy: 0.8983333706855774
Epoch: 45 Batch: 600 Loss: 0.3192484974861145
Accuracy: 0.8996875286102295
Epoch: 45 Batch: 1200 Loss: 0.4038015305995941
Accuracy: 0.9006770849227905
Epoch: 45 Batch: 1800 Loss: 0.32890623807907104
Accuracy: 0.8994097709655762
Epoch: 46 Batch: 600 Loss: 0.28954392671585083
Accuracy: 0.9018750190734863
Epoch: 46 Batch: 1200 Loss: 0.1309991329908371
Accuracy: 0.9007291793823242
Epoch: 46 Batch: 1800 Loss: 0.40634214878082275
Accuracy: 0.9005208611488342
Epoch: 47 Batch: 600 Loss: 0.3635687828063965
Accuracy: 0.9019792079925537
Epoch: 47 Batch: 1200 Loss: 0.34608060121536255
Accuracy: 0.9004687666893005
Epoch: 47 Batch: 1800 Loss: 0.4147743582725525
Accuracy: 0.9011979103088379
Epoch: 48 Batch: 600 Loss: 0.318162739276886
Accuracy: 0.9032291769981384
Epoch: 48 Batch: 1200 Loss: 0.30052563548088074
Accuracy: 0.9032031297683716
Epoch: 48 Batch: 1800 Loss: 0.25958144664764404
Accuracy: 0.9023611545562744
Epoch: 49 Batch: 600 Loss: 0.3279608488082886
Accuracy: 0.9008854627609253
Epoch: 49 Batch: 1200 Loss: 0.4136950373649597
Accuracy: 0.9013020992279053
Epoch: 49 Batch: 1800 Loss: 0.5579971671104431
Accuracy: 0.9026562571525574
Epoch: 50 Batch: 600 Loss: 0.5125631093978882
Accuracy: 0.9026562571525574
Epoch: 50 Batch: 1200 Loss: 0.3974185883998871
Accuracy: 0.9030208587646484
Epoch: 50 Batch: 1800 Loss: 0.26573583483695984
Accuracy: 0.9036284685134888
Epoch: 51 Batch: 600 Loss: 0.3298795819282532
Accuracy: 0.9040625095367432
Epoch: 51 Batch: 1200 Loss: 0.3904658854007721
Accuracy: 0.9049739837646484
Epoch: 51 Batch: 1800 Loss: 0.22022615373134613
Accuracy: 0.9046007394790649
Epoch: 52 Batch: 600 Loss: 0.29069021344184875
Accuracy: 0.9020312428474426
Epoch: 52 Batch: 1200 Loss: 0.4101850986480713
Accuracy: 0.9060156345367432
Epoch: 52 Batch: 1800 Loss: 0.2575896382331848
Accuracy: 0.9053993225097656
Epoch: 53 Batch: 600 Loss: 0.19374051690101624
Accuracy: 0.9067187905311584
Epoch: 53 Batch: 1200 Loss: 0.7651967406272888
Accuracy: 0.90625
Epoch: 53 Batch: 1800 Loss: 0.21947485208511353
Accuracy: 0.9063194394111633
Epoch: 54 Batch: 600 Loss: 0.14066444337368011
Accuracy: 0.9064062833786011
Epoch: 54 Batch: 1200 Loss: 0.5709949731826782
Accuracy: 0.9069531559944153
Epoch: 54 Batch: 1800 Loss: 0.2804281711578369
Accuracy: 0.9068750143051147
Epoch: 55 Batch: 600 Loss: 0.35338515043258667
Accuracy: 0.9078646302223206
Epoch: 55 Batch: 1200 Loss: 0.28755369782447815
Accuracy: 0.9087240099906921
Epoch: 55 Batch: 1800 Loss: 0.179795503616333
Accuracy: 0.9071007370948792
Epoch: 56 Batch: 600 Loss: 0.3793003559112549
Accuracy: 0.9094792008399963
Epoch: 56 Batch: 1200 Loss: 0.22896763682365417
Accuracy: 0.908958375453949
Epoch: 56 Batch: 1800 Loss: 0.14237283170223236
Accuracy: 0.9086111187934875
Epoch: 57 Batch: 600 Loss: 0.09441491961479187
Accuracy: 0.9075521230697632
Epoch: 57 Batch: 1200 Loss: 0.4481521248817444
Accuracy: 0.90953129529953
Epoch: 57 Batch: 1800 Loss: 0.24410317838191986
Accuracy: 0.9095138907432556
Epoch: 58 Batch: 600 Loss: 0.2588655948638916
Accuracy: 0.9103125333786011
Epoch: 58 Batch: 1200 Loss: 0.2030845433473587
Accuracy: 0.9090625047683716
Epoch: 58 Batch: 1800 Loss: 0.2243766039609909
Accuracy: 0.9094618558883667
Epoch: 59 Batch: 600 Loss: 0.2593517005443573
Accuracy: 0.9091145992279053
Epoch: 59 Batch: 1200 Loss: 0.4257071018218994
Accuracy: 0.9097656607627869
Epoch: 59 Batch: 1800 Loss: 0.18872345983982086
Accuracy: 0.9109201431274414
Epoch: 60 Batch: 600 Loss: 0.2917846441268921
Accuracy: 0.9116145968437195
Epoch: 60 Batch: 1200 Loss: 0.23436790704727173
Accuracy: 0.9105989933013916
Epoch: 60 Batch: 1800 Loss: 0.15600323677062988
Accuracy: 0.9106597304344177
Epoch: 61 Batch: 600 Loss: 0.32143494486808777
Accuracy: 0.9141145944595337
Epoch: 61 Batch: 1200 Loss: 0.30672982335090637
Accuracy: 0.9122396111488342
Epoch: 61 Batch: 1800 Loss: 0.07938357442617416
Accuracy: 0.9121875166893005
Epoch: 62 Batch: 600 Loss: 0.5673609375953674
Accuracy: 0.9131771326065063
Epoch: 62 Batch: 1200 Loss: 0.34158262610435486
Accuracy: 0.9129427075386047
Epoch: 62 Batch: 1800 Loss: 0.47254231572151184
Accuracy: 0.9125521183013916
Epoch: 63 Batch: 600 Loss: 0.24908272922039032
Accuracy: 0.9132291674613953
Epoch: 63 Batch: 1200 Loss: 0.5891110897064209
Accuracy: 0.913489580154419
Epoch: 63 Batch: 1800 Loss: 0.0904294028878212
Accuracy: 0.9132986068725586
Epoch: 64 Batch: 600 Loss: 0.19897352159023285
Accuracy: 0.9159895777702332
Epoch: 64 Batch: 1200 Loss: 0.4877220690250397
Accuracy: 0.9141927361488342
Epoch: 64 Batch: 1800 Loss: 0.6083871126174927
Accuracy: 0.9134722352027893
Epoch: 65 Batch: 600 Loss: 0.24401439726352692
Accuracy: 0.9153125286102295
Epoch: 65 Batch: 1200 Loss: 0.06784165650606155
Accuracy: 0.9145052433013916
Epoch: 65 Batch: 1800 Loss: 0.45586374402046204
Accuracy: 0.9145486354827881
Epoch: 66 Batch: 600 Loss: 0.528788149356842
Accuracy: 0.9142708778381348
Epoch: 66 Batch: 1200 Loss: 0.4137149155139923
Accuracy: 0.9142448306083679
Epoch: 66 Batch: 1800 Loss: 0.30659404397010803
Accuracy: 0.9146528244018555
Epoch: 67 Batch: 600 Loss: 0.3331436812877655
Accuracy: 0.9126042127609253
Epoch: 67 Batch: 1200 Loss: 0.17220942676067352
Accuracy: 0.9141145944595337
Epoch: 67 Batch: 1800 Loss: 0.39721930027008057
Accuracy: 0.9154687523841858
Epoch: 68 Batch: 600 Loss: 0.47024160623550415
Accuracy: 0.9181771278381348
Epoch: 68 Batch: 1200 Loss: 0.2838742733001709
Accuracy: 0.9170312881469727
Epoch: 68 Batch: 1800 Loss: 0.3672832250595093
Accuracy: 0.9162153005599976
Epoch: 69 Batch: 600 Loss: 0.4134840965270996
Accuracy: 0.9155729413032532
Epoch: 69 Batch: 1200 Loss: 0.176653191447258
Accuracy: 0.91580730676651
Epoch: 69 Batch: 1800 Loss: 0.38241812586784363
Accuracy: 0.9161285161972046
Epoch: 70 Batch: 600 Loss: 0.2710815668106079
Accuracy: 0.9163541793823242
Epoch: 70 Batch: 1200 Loss: 0.2263229489326477
Accuracy: 0.91734379529953
Epoch: 70 Batch: 1800 Loss: 0.4205774664878845
Accuracy: 0.9165972471237183
Epoch: 71 Batch: 600 Loss: 0.389606773853302
Accuracy: 0.91734379529953
Epoch: 71 Batch: 1200 Loss: 0.3257751166820526
Accuracy: 0.9176302552223206
Epoch: 71 Batch: 1800 Loss: 0.4383215308189392
Accuracy: 0.916649341583252
Epoch: 72 Batch: 600 Loss: 0.42246517539024353
Accuracy: 0.9190104603767395
Epoch: 72 Batch: 1200 Loss: 0.40902429819107056
Accuracy: 0.9188802242279053
Epoch: 72 Batch: 1800 Loss: 0.4243023097515106
Accuracy: 0.9181423783302307
Epoch: 73 Batch: 600 Loss: 0.031851351261138916
Accuracy: 0.9178125262260437
Epoch: 73 Batch: 1200 Loss: 0.2968311607837677
Accuracy: 0.9185677170753479
Epoch: 73 Batch: 1800 Loss: 0.3726778030395508
Accuracy: 0.9178125262260437
Epoch: 74 Batch: 600 Loss: 0.15677781403064728
Accuracy: 0.9183854460716248
Epoch: 74 Batch: 1200 Loss: 0.5897253155708313
Accuracy: 0.9183854460716248
Epoch: 74 Batch: 1800 Loss: 0.24999260902404785
Accuracy: 0.9183681011199951
Epoch: 75 Batch: 600 Loss: 0.3591671288013458
Accuracy: 0.9186979532241821
Epoch: 75 Batch: 1200 Loss: 0.15382783114910126
Accuracy: 0.9180468916893005
Epoch: 75 Batch: 1800 Loss: 0.24608150124549866
Accuracy: 0.9188194870948792
Epoch: 76 Batch: 600 Loss: 0.23243708908557892
Accuracy: 0.9208333492279053
Epoch: 76 Batch: 1200 Loss: 0.7208709716796875
Accuracy: 0.918724000453949
Epoch: 76 Batch: 1800 Loss: 0.19833016395568848
Accuracy: 0.9193229675292969
Epoch: 77 Batch: 600 Loss: 0.33267390727996826
Accuracy: 0.9206250309944153
Epoch: 77 Batch: 1200 Loss: 0.24795041978359222
Accuracy: 0.9208073019981384
Epoch: 77 Batch: 1800 Loss: 0.1886402666568756
Accuracy: 0.9190624952316284
Epoch: 78 Batch: 600 Loss: 0.25562044978141785
Accuracy: 0.9156771302223206
Epoch: 78 Batch: 1200 Loss: 0.28119203448295593
Accuracy: 0.9183073043823242
Epoch: 78 Batch: 1800 Loss: 0.38934004306793213
Accuracy: 0.9199305772781372
Epoch: 79 Batch: 600 Loss: 0.21888957917690277
Accuracy: 0.9194270968437195
Epoch: 79 Batch: 1200 Loss: 0.3895193934440613
Accuracy: 0.9208593964576721
Epoch: 79 Batch: 1800 Loss: 0.5319077968597412
Accuracy: 0.9205381870269775
Epoch: 80 Batch: 600 Loss: 0.22275619208812714
Accuracy: 0.9208333492279053
Epoch: 80 Batch: 1200 Loss: 0.14294525980949402
Accuracy: 0.9205729365348816
Epoch: 80 Batch: 1800 Loss: 0.10724388808012009
Accuracy: 0.9209548830986023
Epoch: 81 Batch: 600 Loss: 0.16727781295776367
Accuracy: 0.9200000166893005
Epoch: 81 Batch: 1200 Loss: 0.1001567393541336
Accuracy: 0.9204167127609253
Epoch: 81 Batch: 1800 Loss: 0.18970082700252533
Accuracy: 0.9211111068725586
Epoch: 82 Batch: 600 Loss: 0.44115522503852844
Accuracy: 0.9240104556083679
Epoch: 82 Batch: 1200 Loss: 0.40874335169792175
Accuracy: 0.923046886920929
Epoch: 82 Batch: 1800 Loss: 0.30284106731414795
Accuracy: 0.9220659732818604
Epoch: 83 Batch: 600 Loss: 0.3544900417327881
Accuracy: 0.9215104579925537
Epoch: 83 Batch: 1200 Loss: 0.20503057539463043
Accuracy: 0.9219531416893005
Epoch: 83 Batch: 1800 Loss: 0.11973689496517181
Accuracy: 0.9218055605888367
Epoch: 84 Batch: 600 Loss: 0.24636374413967133
Accuracy: 0.9239583611488342
Epoch: 84 Batch: 1200 Loss: 0.4341031014919281
Accuracy: 0.9218229651451111
Epoch: 84 Batch: 1800 Loss: 0.39208731055259705
Accuracy: 0.9221528172492981
Epoch: 85 Batch: 600 Loss: 0.4022347033023834
Accuracy: 0.9248958826065063
Epoch: 85 Batch: 1200 Loss: 0.12484593689441681
Accuracy: 0.9233072996139526
Epoch: 85 Batch: 1800 Loss: 0.16678452491760254
Accuracy: 0.9229167103767395
Epoch: 86 Batch: 600 Loss: 0.2664134204387665
Accuracy: 0.9223437905311584
Epoch: 86 Batch: 1200 Loss: 0.1463085114955902
Accuracy: 0.9215365052223206
Epoch: 86 Batch: 1800 Loss: 0.1691240817308426
Accuracy: 0.9227777719497681
Epoch: 87 Batch: 600 Loss: 0.302033931016922
Accuracy: 0.9244270920753479
Epoch: 87 Batch: 1200 Loss: 0.31213146448135376
Accuracy: 0.9233593940734863
Epoch: 87 Batch: 1800 Loss: 0.270984411239624
Accuracy: 0.9232812523841858
Epoch: 88 Batch: 600 Loss: 0.29854467511177063
Accuracy: 0.9236979484558105
Epoch: 88 Batch: 1200 Loss: 0.17357546091079712
Accuracy: 0.924791693687439
Epoch: 88 Batch: 1800 Loss: 0.16924965381622314
Accuracy: 0.9242187738418579
Epoch: 89 Batch: 600 Loss: 0.28239667415618896
Accuracy: 0.9238541722297668
Epoch: 89 Batch: 1200 Loss: 0.18885408341884613
Accuracy: 0.9235416650772095
Epoch: 89 Batch: 1800 Loss: 0.5058314800262451
Accuracy: 0.9242014288902283
Epoch: 90 Batch: 600 Loss: 0.057852182537317276
Accuracy: 0.9235416650772095
Epoch: 90 Batch: 1200 Loss: 0.1309749037027359
Accuracy: 0.92557293176651
Epoch: 90 Batch: 1800 Loss: 0.42496970295906067
Accuracy: 0.924791693687439
Epoch: 91 Batch: 600 Loss: 0.12270980328321457
Accuracy: 0.9244270920753479
Epoch: 91 Batch: 1200 Loss: 0.2651912569999695
Accuracy: 0.9243490099906921
Epoch: 91 Batch: 1800 Loss: 0.11314091086387634
Accuracy: 0.925329864025116
Epoch: 92 Batch: 600 Loss: 0.10147549957036972
Accuracy: 0.9245312809944153
Epoch: 92 Batch: 1200 Loss: 0.5341641306877136
Accuracy: 0.9244531393051147
Epoch: 92 Batch: 1800 Loss: 0.25489264726638794
Accuracy: 0.9251388907432556
Epoch: 93 Batch: 600 Loss: 0.2511923611164093
Accuracy: 0.9239062666893005
Epoch: 93 Batch: 1200 Loss: 0.4493604600429535
Accuracy: 0.9259114861488342
Epoch: 93 Batch: 1800 Loss: 0.2591536343097687
Accuracy: 0.92557293176651
Epoch: 94 Batch: 600 Loss: 0.07955963909626007
Accuracy: 0.9270833730697632
Epoch: 94 Batch: 1200 Loss: 0.2903676927089691
Accuracy: 0.9270833730697632
Epoch: 94 Batch: 1800 Loss: 0.33374738693237305
Accuracy: 0.9263715744018555
Epoch: 95 Batch: 600 Loss: 0.1324259638786316
Accuracy: 0.9261458516120911
Epoch: 95 Batch: 1200 Loss: 0.1648668795824051
Accuracy: 0.9265625476837158
Epoch: 95 Batch: 1800 Loss: 0.07319668680429459
Accuracy: 0.9269618391990662
Epoch: 96 Batch: 600 Loss: 0.21072116494178772
Accuracy: 0.9258854389190674
Epoch: 96 Batch: 1200 Loss: 0.36888012290000916
Accuracy: 0.9286458492279053
Epoch: 96 Batch: 1800 Loss: 0.20208793878555298
Accuracy: 0.9274826645851135
Epoch: 97 Batch: 600 Loss: 0.17582063376903534
Accuracy: 0.9258333444595337
Epoch: 97 Batch: 1200 Loss: 0.09623313695192337
Accuracy: 0.927161455154419
Epoch: 97 Batch: 1800 Loss: 0.26827272772789
Accuracy: 0.9274305701255798
Epoch: 98 Batch: 600 Loss: 0.486178994178772
Accuracy: 0.9282812476158142
Epoch: 98 Batch: 1200 Loss: 0.18746359646320343
Accuracy: 0.9278906583786011
Epoch: 98 Batch: 1800 Loss: 0.1258847862482071
Accuracy: 0.9281423687934875
Epoch: 99 Batch: 600 Loss: 0.32467612624168396
Accuracy: 0.9277083277702332
Epoch: 99 Batch: 1200 Loss: 0.3098089098930359
Accuracy: 0.9278646111488342
Epoch: 99 Batch: 1800 Loss: 0.2558233439922333
Accuracy: 0.9281944632530212
Epoch: 100 Batch: 600 Loss: 0.34290456771850586
Accuracy: 0.9308854341506958
Epoch: 100 Batch: 1200 Loss: 0.4156724512577057
Accuracy: 0.9296354651451111
Epoch: 100 Batch: 1800 Loss: 0.32109540700912476
Accuracy: 0.9294965267181396
Epoch: 101 Batch: 600 Loss: 0.2787228524684906
Accuracy: 0.9318229556083679
Epoch: 101 Batch: 1200 Loss: 0.21995572745800018
Accuracy: 0.9295312762260437
Epoch: 101 Batch: 1800 Loss: 0.18747514486312866
Accuracy: 0.9293229579925537
Epoch: 102 Batch: 600 Loss: 0.06846065819263458
Accuracy: 0.9292187690734863
Epoch: 102 Batch: 1200 Loss: 0.18800431489944458
Accuracy: 0.9304687976837158
Epoch: 102 Batch: 1800 Loss: 0.3400585651397705
Accuracy: 0.9298611283302307
Epoch: 103 Batch: 600 Loss: 0.5668120980262756
Accuracy: 0.9267708659172058
Epoch: 103 Batch: 1200 Loss: 0.06024358049035072
Accuracy: 0.9289323091506958
Epoch: 103 Batch: 1800 Loss: 0.31183671951293945
Accuracy: 0.9299653172492981
Epoch: 104 Batch: 600 Loss: 0.24859212338924408
Accuracy: 0.9307812452316284
Epoch: 104 Batch: 1200 Loss: 0.1957990825176239
Accuracy: 0.9305729269981384
Epoch: 104 Batch: 1800 Loss: 0.2698257565498352
Accuracy: 0.9307812452316284
Epoch: 105 Batch: 600 Loss: 0.14714136719703674
Accuracy: 0.9296875
Epoch: 105 Batch: 1200 Loss: 0.22658678889274597
Accuracy: 0.9288281202316284
Epoch: 105 Batch: 1800 Loss: 0.23522859811782837
Accuracy: 0.9306597709655762
Epoch: 106 Batch: 600 Loss: 0.15752124786376953
Accuracy: 0.9290104508399963
Epoch: 106 Batch: 1200 Loss: 0.3301375210285187
Accuracy: 0.9305989742279053
Epoch: 106 Batch: 1800 Loss: 0.05410155653953552
Accuracy: 0.9311631917953491
Epoch: 107 Batch: 600 Loss: 0.25261878967285156
Accuracy: 0.9309375286102295
Epoch: 107 Batch: 1200 Loss: 0.19715586304664612
Accuracy: 0.9315625429153442
Epoch: 107 Batch: 1800 Loss: 0.37918704748153687
Accuracy: 0.9317535161972046
Epoch: 108 Batch: 600 Loss: 0.24218693375587463
Accuracy: 0.9339583516120911
Epoch: 108 Batch: 1200 Loss: 0.3932521939277649
Accuracy: 0.9320833683013916
Epoch: 108 Batch: 1800 Loss: 0.111753910779953
Accuracy: 0.9325694441795349
Epoch: 109 Batch: 600 Loss: 0.502192497253418
Accuracy: 0.9299479126930237
Epoch: 109 Batch: 1200 Loss: 0.0964803621172905
Accuracy: 0.9315104484558105
Epoch: 109 Batch: 1800 Loss: 0.6131784915924072
Accuracy: 0.9323090314865112
Epoch: 110 Batch: 600 Loss: 0.38536933064460754
Accuracy: 0.9361979365348816
Epoch: 110 Batch: 1200 Loss: 0.3003081679344177
Accuracy: 0.9336718916893005
Epoch: 110 Batch: 1800 Loss: 0.21823206543922424
Accuracy: 0.933298647403717
Epoch: 111 Batch: 600 Loss: 0.12797531485557556
Accuracy: 0.9348958730697632
Epoch: 111 Batch: 1200 Loss: 0.2297038733959198
Accuracy: 0.9337500333786011
Epoch: 111 Batch: 1800 Loss: 0.12542711198329926
Accuracy: 0.933715283870697
Epoch: 112 Batch: 600 Loss: 0.3383922576904297
Accuracy: 0.9309896230697632
Epoch: 112 Batch: 1200 Loss: 0.13536721467971802
Accuracy: 0.9332292079925537
Epoch: 112 Batch: 1800 Loss: 0.1828007847070694
Accuracy: 0.933142364025116
Epoch: 113 Batch: 600 Loss: 0.20169885456562042
Accuracy: 0.9341146349906921
Epoch: 113 Batch: 1200 Loss: 0.4540014863014221
Accuracy: 0.9337239861488342
Epoch: 113 Batch: 1800 Loss: 0.14689236879348755
Accuracy: 0.9336631894111633
Epoch: 114 Batch: 600 Loss: 0.10380967706441879
Accuracy: 0.9344270825386047
Epoch: 114 Batch: 1200 Loss: 0.3216829299926758
Accuracy: 0.9342187643051147
Epoch: 114 Batch: 1800 Loss: 0.12519992887973785
Accuracy: 0.9347048997879028
Epoch: 115 Batch: 600 Loss: 0.431365042924881
Accuracy: 0.9361458420753479
Epoch: 115 Batch: 1200 Loss: 0.28262871503829956
Accuracy: 0.9341406226158142
Epoch: 115 Batch: 1800 Loss: 0.04452391713857651
Accuracy: 0.9342187643051147
Epoch: 116 Batch: 600 Loss: 0.20229868590831757
Accuracy: 0.9373958706855774
Epoch: 116 Batch: 1200 Loss: 0.15705552697181702
Accuracy: 0.9360937476158142
Epoch: 116 Batch: 1800 Loss: 0.137617290019989
Accuracy: 0.9356423616409302
Epoch: 117 Batch: 600 Loss: 0.16602450609207153
Accuracy: 0.9340104460716248
Epoch: 117 Batch: 1200 Loss: 0.0868716612458229
Accuracy: 0.936302125453949
Epoch: 117 Batch: 1800 Loss: 0.18732427060604095
Accuracy: 0.9354513883590698
Epoch: 118 Batch: 600 Loss: 0.1246868371963501
Accuracy: 0.9369791746139526
Epoch: 118 Batch: 1200 Loss: 0.1776667982339859
Accuracy: 0.93533855676651
Epoch: 118 Batch: 1800 Loss: 0.20017118752002716
Accuracy: 0.9358507394790649
Epoch: 119 Batch: 600 Loss: 0.318581759929657
Accuracy: 0.9352083802223206
Epoch: 119 Batch: 1200 Loss: 0.2791273593902588
Accuracy: 0.9361718893051147
Epoch: 119 Batch: 1800 Loss: 0.2616027593612671
Accuracy: 0.9359027743339539
Epoch: 120 Batch: 600 Loss: 0.34360212087631226
Accuracy: 0.9383333325386047
Epoch: 120 Batch: 1200 Loss: 0.5514509677886963
Accuracy: 0.9363541603088379
Epoch: 120 Batch: 1800 Loss: 0.07390287518501282
Accuracy: 0.936180591583252
Epoch: 121 Batch: 600 Loss: 0.24931544065475464
Accuracy: 0.9350520968437195
Epoch: 121 Batch: 1200 Loss: 0.16787439584732056
Accuracy: 0.9357813000679016
Epoch: 121 Batch: 1800 Loss: 0.5056200623512268
Accuracy: 0.9364062547683716
Epoch: 122 Batch: 600 Loss: 0.373533695936203
Accuracy: 0.93687504529953
Epoch: 122 Batch: 1200 Loss: 0.17384234070777893
Accuracy: 0.9357552528381348
Epoch: 122 Batch: 1800 Loss: 0.047290828078985214
Accuracy: 0.9366493225097656
Epoch: 123 Batch: 600 Loss: 0.19973471760749817
Accuracy: 0.9359896183013916
Epoch: 123 Batch: 1200 Loss: 0.3039001226425171
Accuracy: 0.9351562857627869
Epoch: 123 Batch: 1800 Loss: 0.15297797322273254
Accuracy: 0.9371007084846497
Epoch: 124 Batch: 600 Loss: 0.10708541423082352
Accuracy: 0.9395833611488342
Epoch: 124 Batch: 1200 Loss: 0.2824316620826721
Accuracy: 0.9377344250679016
Epoch: 124 Batch: 1800 Loss: 0.4899410903453827
Accuracy: 0.9376562833786011
Epoch: 125 Batch: 600 Loss: 0.12258066236972809
Accuracy: 0.9371875524520874
Epoch: 125 Batch: 1200 Loss: 0.32379651069641113
Accuracy: 0.9378385543823242
Epoch: 125 Batch: 1800 Loss: 0.12434263527393341
Accuracy: 0.9384375214576721
Epoch: 126 Batch: 600 Loss: 0.5543175935745239
Accuracy: 0.9394791722297668
Epoch: 126 Batch: 1200 Loss: 0.34760409593582153
Accuracy: 0.9387760758399963
Epoch: 126 Batch: 1800 Loss: 0.2841734290122986
Accuracy: 0.9387326836585999
Epoch: 127 Batch: 600 Loss: 0.3130001425743103
Accuracy: 0.9370312690734863
Epoch: 127 Batch: 1200 Loss: 0.0784388929605484
Accuracy: 0.9376041889190674
Epoch: 127 Batch: 1800 Loss: 0.10096081346273422
Accuracy: 0.9386979341506958
Epoch: 128 Batch: 600 Loss: 0.08076093345880508
Accuracy: 0.9396354556083679
Epoch: 128 Batch: 1200 Loss: 0.27045467495918274
Accuracy: 0.9395312666893005
Epoch: 128 Batch: 1800 Loss: 0.12971240282058716
Accuracy: 0.9392708539962769
Epoch: 129 Batch: 600 Loss: 0.15887875854969025
Accuracy: 0.9421875476837158
Epoch: 129 Batch: 1200 Loss: 0.1380317211151123
Accuracy: 0.9406510591506958
Epoch: 129 Batch: 1800 Loss: 0.20627175271511078
Accuracy: 0.9397569894790649
Epoch: 130 Batch: 600 Loss: 0.12045673280954361
Accuracy: 0.9394791722297668
Epoch: 130 Batch: 1200 Loss: 0.10331457108259201
Accuracy: 0.9396354556083679
Epoch: 130 Batch: 1800 Loss: 0.07672896236181259
Accuracy: 0.9393923878669739
Epoch: 131 Batch: 600 Loss: 0.28627675771713257
Accuracy: 0.9401562809944153
Epoch: 131 Batch: 1200 Loss: 0.07183703035116196
Accuracy: 0.9384896159172058
Epoch: 131 Batch: 1800 Loss: 0.13340064883232117
Accuracy: 0.9400347471237183
Epoch: 132 Batch: 600 Loss: 0.040015656501054764
Accuracy: 0.9407292008399963
Epoch: 132 Batch: 1200 Loss: 0.13453252613544464
Accuracy: 0.9412239789962769
Epoch: 132 Batch: 1800 Loss: 0.1904807835817337
Accuracy: 0.9404687881469727
Epoch: 133 Batch: 600 Loss: 0.2402343451976776
Accuracy: 0.9428125023841858
Epoch: 133 Batch: 1200 Loss: 0.16091114282608032
Accuracy: 0.940625011920929
Epoch: 133 Batch: 1800 Loss: 0.07983066886663437
Accuracy: 0.9404687881469727
Epoch: 134 Batch: 600 Loss: 0.2969309985637665
Accuracy: 0.9383333325386047
Epoch: 134 Batch: 1200 Loss: 0.13600938022136688
Accuracy: 0.9399479627609253
Epoch: 134 Batch: 1800 Loss: 0.39251044392585754
Accuracy: 0.9418402910232544
Epoch: 135 Batch: 600 Loss: 0.06584854423999786
Accuracy: 0.9379687905311584
Epoch: 135 Batch: 1200 Loss: 0.17875447869300842
Accuracy: 0.9414322972297668
Epoch: 135 Batch: 1800 Loss: 0.09210758656263351
Accuracy: 0.9418750405311584
Epoch: 136 Batch: 600 Loss: 0.1930261105298996
Accuracy: 0.940208375453949
Epoch: 136 Batch: 1200 Loss: 0.08560619503259659
Accuracy: 0.9424479603767395
Epoch: 136 Batch: 1800 Loss: 0.2219073325395584
Accuracy: 0.9423958659172058
Epoch: 137 Batch: 600 Loss: 0.1623886078596115
Accuracy: 0.9412500262260437
Epoch: 137 Batch: 1200 Loss: 0.3268687129020691
Accuracy: 0.9414583444595337
Epoch: 137 Batch: 1800 Loss: 0.15984652936458588
Accuracy: 0.9419444799423218
Epoch: 138 Batch: 600 Loss: 0.34835153818130493
Accuracy: 0.9428645968437195
Epoch: 138 Batch: 1200 Loss: 0.2760012447834015
Accuracy: 0.9432291984558105
Epoch: 138 Batch: 1800 Loss: 0.17584306001663208
Accuracy: 0.9425173997879028
Epoch: 139 Batch: 600 Loss: 0.2841501832008362
Accuracy: 0.94078129529953
Epoch: 139 Batch: 1200 Loss: 0.10352456569671631
Accuracy: 0.9423437714576721
Epoch: 139 Batch: 1800 Loss: 0.22429418563842773
Accuracy: 0.9425868391990662
Epoch: 140 Batch: 600 Loss: 0.1177477017045021
Accuracy: 0.9405729174613953
Epoch: 140 Batch: 1200 Loss: 0.25011372566223145
Accuracy: 0.9418229460716248
Epoch: 140 Batch: 1800 Loss: 0.09746682643890381
Accuracy: 0.9434028267860413
Epoch: 141 Batch: 600 Loss: 0.17624948918819427
Accuracy: 0.9436458349227905
Epoch: 141 Batch: 1200 Loss: 0.15903788805007935
Accuracy: 0.9435417056083679
Epoch: 141 Batch: 1800 Loss: 0.1428227573633194
Accuracy: 0.9436979293823242
Epoch: 142 Batch: 600 Loss: 0.11740695685148239
Accuracy: 0.9430208802223206
Epoch: 142 Batch: 1200 Loss: 0.473787397146225
Accuracy: 0.9436979293823242
Epoch: 142 Batch: 1800 Loss: 0.49663975834846497
Accuracy: 0.9439236521720886
Epoch: 143 Batch: 600 Loss: 0.20866209268569946
Accuracy: 0.9428645968437195
Epoch: 143 Batch: 1200 Loss: 0.09672281891107559
Accuracy: 0.94315105676651
Epoch: 143 Batch: 1800 Loss: 0.07606883347034454
Accuracy: 0.9442881941795349
Epoch: 144 Batch: 600 Loss: 0.3849244713783264
Accuracy: 0.941979169845581
Epoch: 144 Batch: 1200 Loss: 0.21237295866012573
Accuracy: 0.9444010853767395
Epoch: 144 Batch: 1800 Loss: 0.16217999160289764
Accuracy: 0.944444477558136
Epoch: 145 Batch: 600 Loss: 0.04021911695599556
Accuracy: 0.9436458349227905
Epoch: 145 Batch: 1200 Loss: 0.20467685163021088
Accuracy: 0.9444791674613953
Epoch: 145 Batch: 1800 Loss: 0.11153052747249603
Accuracy: 0.9448785185813904
Epoch: 146 Batch: 600 Loss: 0.13219016790390015
Accuracy: 0.9446354508399963
Epoch: 146 Batch: 1200 Loss: 0.2538106441497803
Accuracy: 0.9447135925292969
Epoch: 146 Batch: 1800 Loss: 0.10814177989959717
Accuracy: 0.9447916746139526
Epoch: 147 Batch: 600 Loss: 0.09707678854465485
Accuracy: 0.9459375143051147
Epoch: 147 Batch: 1200 Loss: 0.10710819065570831
Accuracy: 0.9463802576065063
Epoch: 147 Batch: 1800 Loss: 0.4326309263706207
Accuracy: 0.9457986354827881
Epoch: 148 Batch: 600 Loss: 0.14647802710533142
Accuracy: 0.9461979269981384
Epoch: 148 Batch: 1200 Loss: 0.37030723690986633
Accuracy: 0.945885419845581
Epoch: 148 Batch: 1800 Loss: 0.12063444405794144
Accuracy: 0.9457465410232544
Epoch: 149 Batch: 600 Loss: 0.27641957998275757
Accuracy: 0.9472395777702332
Epoch: 149 Batch: 1200 Loss: 0.17425000667572021
Accuracy: 0.945885419845581
Epoch: 149 Batch: 1800 Loss: 0.1227872371673584
Accuracy: 0.9456944465637207
Epoch: 150 Batch: 600 Loss: 0.103569395840168
Accuracy: 0.9466667175292969
Epoch: 150 Batch: 1200 Loss: 0.34952276945114136
Accuracy: 0.9464583396911621
Epoch: 150 Batch: 1800 Loss: 0.21154054999351501
Accuracy: 0.9464757442474365
Epoch: 151 Batch: 600 Loss: 0.1098460927605629
Accuracy: 0.9494791626930237
Epoch: 151 Batch: 1200 Loss: 0.26043206453323364
Accuracy: 0.9474740028381348
Epoch: 151 Batch: 1800 Loss: 0.2765558362007141
Accuracy: 0.9469271302223206
Epoch: 152 Batch: 600 Loss: 0.03845830634236336
Accuracy: 0.9462500214576721
Epoch: 152 Batch: 1200 Loss: 0.21398068964481354
Accuracy: 0.9471094012260437
Epoch: 152 Batch: 1800 Loss: 0.23955069482326508
Accuracy: 0.9468750357627869
Epoch: 153 Batch: 600 Loss: 0.15950347483158112
Accuracy: 0.9487500190734863
Epoch: 153 Batch: 1200 Loss: 0.1617022454738617
Accuracy: 0.947265625
Epoch: 153 Batch: 1800 Loss: 0.08585920184850693
Accuracy: 0.9472743272781372
Epoch: 154 Batch: 600 Loss: 0.4354240298271179
Accuracy: 0.9483333826065063
Epoch: 154 Batch: 1200 Loss: 0.241709366440773
Accuracy: 0.9488542079925537
Epoch: 154 Batch: 1800 Loss: 0.2747628390789032
Accuracy: 0.9480034708976746
Epoch: 155 Batch: 600 Loss: 0.1049916073679924
Accuracy: 0.9479166865348816
Epoch: 155 Batch: 1200 Loss: 0.08927884697914124
Accuracy: 0.9495312571525574
Epoch: 155 Batch: 1800 Loss: 0.0818587988615036
Accuracy: 0.948437511920929
Epoch: 156 Batch: 600 Loss: 0.20808018743991852
Accuracy: 0.9472916722297668
Epoch: 156 Batch: 1200 Loss: 0.5550346374511719
Accuracy: 0.9478124976158142
Epoch: 156 Batch: 1800 Loss: 0.15843741595745087
Accuracy: 0.948767364025116
Epoch: 157 Batch: 600 Loss: 0.4563845992088318
Accuracy: 0.9499479532241821
Epoch: 157 Batch: 1200 Loss: 0.377871572971344
Accuracy: 0.9490885734558105
Epoch: 157 Batch: 1800 Loss: 0.08350153267383575
Accuracy: 0.94859379529953
Epoch: 158 Batch: 600 Loss: 0.34376102685928345
Accuracy: 0.9481250047683716
Epoch: 158 Batch: 1200 Loss: 0.04108596593141556
Accuracy: 0.9483073353767395
Epoch: 158 Batch: 1800 Loss: 0.16309289634227753
Accuracy: 0.9489930868148804
Epoch: 159 Batch: 600 Loss: 0.09856478124856949
Accuracy: 0.9502604603767395
Epoch: 159 Batch: 1200 Loss: 0.08454214036464691
Accuracy: 0.9486979246139526
Epoch: 159 Batch: 1800 Loss: 0.1808084398508072
Accuracy: 0.9490625262260437
Epoch: 160 Batch: 600 Loss: 0.22825823724269867
Accuracy: 0.9520833492279053
Epoch: 160 Batch: 1200 Loss: 0.14708992838859558
Accuracy: 0.9504166841506958
Epoch: 160 Batch: 1800 Loss: 0.3679444491863251
Accuracy: 0.9494444727897644
Epoch: 161 Batch: 600 Loss: 0.44865483045578003
Accuracy: 0.9478124976158142
Epoch: 161 Batch: 1200 Loss: 0.17684851586818695
Accuracy: 0.9497396349906921
Epoch: 161 Batch: 1800 Loss: 0.21678932011127472
Accuracy: 0.9498090744018555
Epoch: 162 Batch: 600 Loss: 0.13521629571914673
Accuracy: 0.9495833516120911
Epoch: 162 Batch: 1200 Loss: 0.15016092360019684
Accuracy: 0.9496614933013916
Epoch: 162 Batch: 1800 Loss: 0.4559744596481323
Accuracy: 0.9496527910232544
Epoch: 163 Batch: 600 Loss: 0.12615230679512024
Accuracy: 0.9494791626930237
Epoch: 163 Batch: 1200 Loss: 0.13701628148555756
Accuracy: 0.950598955154419
Epoch: 163 Batch: 1800 Loss: 0.045682769268751144
Accuracy: 0.9503819942474365
Epoch: 164 Batch: 600 Loss: 0.12147195637226105
Accuracy: 0.9495312571525574
Epoch: 164 Batch: 1200 Loss: 0.051393479108810425
Accuracy: 0.9499219059944153
Epoch: 164 Batch: 1800 Loss: 0.13927122950553894
Accuracy: 0.9504687786102295
Epoch: 165 Batch: 600 Loss: 0.20481109619140625
Accuracy: 0.9510416984558105
Epoch: 165 Batch: 1200 Loss: 0.1418161243200302
Accuracy: 0.9501302242279053
Epoch: 165 Batch: 1800 Loss: 0.19269466400146484
Accuracy: 0.9506076574325562
Epoch: 166 Batch: 600 Loss: 0.34766897559165955
Accuracy: 0.9505729675292969
Epoch: 166 Batch: 1200 Loss: 0.23536725342273712
Accuracy: 0.9502344131469727
Epoch: 166 Batch: 1800 Loss: 0.08371539413928986
Accuracy: 0.9512153267860413
Epoch: 167 Batch: 600 Loss: 0.07156161963939667
Accuracy: 0.9518750309944153
Epoch: 167 Batch: 1200 Loss: 0.5509787201881409
Accuracy: 0.9514843821525574
Epoch: 167 Batch: 1800 Loss: 0.1143401712179184
Accuracy: 0.9516493082046509
Epoch: 168 Batch: 600 Loss: 0.19121265411376953
Accuracy: 0.9513021111488342
Epoch: 168 Batch: 1200 Loss: 0.29963165521621704
Accuracy: 0.9514843821525574
Epoch: 168 Batch: 1800 Loss: 0.42995256185531616
Accuracy: 0.9513888955116272
Epoch: 169 Batch: 600 Loss: 0.09860100597143173
Accuracy: 0.951927125453949
Epoch: 169 Batch: 1200 Loss: 0.21116715669631958
Accuracy: 0.9519791603088379
Epoch: 169 Batch: 1800 Loss: 0.05887957662343979
Accuracy: 0.9519097208976746
Epoch: 170 Batch: 600 Loss: 0.32075056433677673
Accuracy: 0.9518229365348816
Epoch: 170 Batch: 1200 Loss: 0.1771182119846344
Accuracy: 0.9518229365348816
Epoch: 170 Batch: 1800 Loss: 0.16791586577892303
Accuracy: 0.9517361521720886
Epoch: 171 Batch: 600 Loss: 0.2547544538974762
Accuracy: 0.9493229389190674
Epoch: 171 Batch: 1200 Loss: 0.309103786945343
Accuracy: 0.9518489837646484
Epoch: 171 Batch: 1800 Loss: 0.5159755945205688
Accuracy: 0.9520833492279053
Epoch: 172 Batch: 600 Loss: 0.15329889953136444
Accuracy: 0.9549479484558105
Epoch: 172 Batch: 1200 Loss: 0.09557867795228958
Accuracy: 0.9524739980697632
Epoch: 172 Batch: 1800 Loss: 0.12023661285638809
Accuracy: 0.9523611068725586
Epoch: 173 Batch: 600 Loss: 0.10816667973995209
Accuracy: 0.951927125453949
Epoch: 173 Batch: 1200 Loss: 0.42395681142807007
Accuracy: 0.9525260925292969
Epoch: 173 Batch: 1800 Loss: 0.07209164649248123
Accuracy: 0.952343761920929
Epoch: 174 Batch: 600 Loss: 0.16078411042690277
Accuracy: 0.95291668176651
Epoch: 174 Batch: 1200 Loss: 0.34246912598609924
Accuracy: 0.953697919845581
Epoch: 174 Batch: 1800 Loss: 0.06820118427276611
Accuracy: 0.9531076550483704
Epoch: 175 Batch: 600 Loss: 0.107207290828228
Accuracy: 0.9534896016120911
Epoch: 175 Batch: 1200 Loss: 0.10186423361301422
Accuracy: 0.953880250453949
Epoch: 175 Batch: 1800 Loss: 0.419374942779541
Accuracy: 0.9532291889190674
Epoch: 176 Batch: 600 Loss: 0.1118166595697403
Accuracy: 0.9533333778381348
Epoch: 176 Batch: 1200 Loss: 0.17060783505439758
Accuracy: 0.9531510472297668
Epoch: 176 Batch: 1800 Loss: 0.10321341454982758
Accuracy: 0.9532291889190674
Epoch: 177 Batch: 600 Loss: 0.10676249116659164
Accuracy: 0.9510416984558105
Epoch: 177 Batch: 1200 Loss: 0.11240532994270325
Accuracy: 0.9528906345367432
Epoch: 177 Batch: 1800 Loss: 0.3666360676288605
Accuracy: 0.953697919845581
Epoch: 178 Batch: 600 Loss: 0.121226966381073
Accuracy: 0.9526562690734863
Epoch: 178 Batch: 1200 Loss: 0.17765063047409058
Accuracy: 0.9534635543823242
Epoch: 178 Batch: 1800 Loss: 0.2894512116909027
Accuracy: 0.9534896016120911
Epoch: 179 Batch: 600 Loss: 0.08250109106302261
Accuracy: 0.9546875357627869
Epoch: 179 Batch: 1200 Loss: 0.0851941630244255
Accuracy: 0.9541667103767395
Epoch: 179 Batch: 1800 Loss: 0.8060817718505859
Accuracy: 0.9544618129730225
Epoch: 180 Batch: 600 Loss: 0.117881178855896
Accuracy: 0.9526041746139526
Epoch: 180 Batch: 1200 Loss: 0.35845568776130676
Accuracy: 0.9536198377609253
Epoch: 180 Batch: 1800 Loss: 0.08487056195735931
Accuracy: 0.9543055891990662
Epoch: 181 Batch: 600 Loss: 0.34268808364868164
Accuracy: 0.9554687738418579
Epoch: 181 Batch: 1200 Loss: 0.3129922151565552
Accuracy: 0.9549739956855774
Epoch: 181 Batch: 1800 Loss: 0.08374064415693283
Accuracy: 0.9544271230697632
Epoch: 182 Batch: 600 Loss: 0.20904943346977234
Accuracy: 0.95661461353302
Epoch: 182 Batch: 1200 Loss: 0.06493265926837921
Accuracy: 0.9559114575386047
Epoch: 182 Batch: 1800 Loss: 0.052526235580444336
Accuracy: 0.9549131989479065
Epoch: 183 Batch: 600 Loss: 0.08605576306581497
Accuracy: 0.9546875357627869
Epoch: 183 Batch: 1200 Loss: 0.20363853871822357
Accuracy: 0.9555990099906921
Epoch: 183 Batch: 1800 Loss: 0.07488623261451721
Accuracy: 0.9551562666893005
Epoch: 184 Batch: 600 Loss: 0.11266620457172394
Accuracy: 0.9541146159172058
Epoch: 184 Batch: 1200 Loss: 0.1119837686419487
Accuracy: 0.9549219012260437
Epoch: 184 Batch: 1800 Loss: 0.22765497863292694
Accuracy: 0.9548958539962769
Epoch: 185 Batch: 600 Loss: 0.19841252267360687
Accuracy: 0.9561979174613953
Epoch: 185 Batch: 1200 Loss: 0.5889748334884644
Accuracy: 0.9561458826065063
Epoch: 185 Batch: 1800 Loss: 0.05703960359096527
Accuracy: 0.9552604556083679
Epoch: 186 Batch: 600 Loss: 0.19770872592926025
Accuracy: 0.9568750262260437
Epoch: 186 Batch: 1200 Loss: 0.16155080497264862
Accuracy: 0.955651044845581
Epoch: 186 Batch: 1800 Loss: 0.13743071258068085
Accuracy: 0.955833375453949
Epoch: 187 Batch: 600 Loss: 0.06987070292234421
Accuracy: 0.9550000429153442
Epoch: 187 Batch: 1200 Loss: 0.18039977550506592
Accuracy: 0.9555208683013916
Epoch: 187 Batch: 1800 Loss: 0.043161846697330475
Accuracy: 0.9554340243339539
Epoch: 188 Batch: 600 Loss: 0.37124383449554443
Accuracy: 0.9535416960716248
Epoch: 188 Batch: 1200 Loss: 0.15749280154705048
Accuracy: 0.9545312523841858
Epoch: 188 Batch: 1800 Loss: 0.2720041573047638
Accuracy: 0.9554861187934875
Epoch: 189 Batch: 600 Loss: 0.2864636480808258
Accuracy: 0.9545833468437195
Epoch: 189 Batch: 1200 Loss: 0.11488548666238785
Accuracy: 0.95661461353302
Epoch: 189 Batch: 1800 Loss: 0.13718952238559723
Accuracy: 0.9562673568725586
Epoch: 190 Batch: 600 Loss: 0.07923425734043121
Accuracy: 0.9548958539962769
Epoch: 190 Batch: 1200 Loss: 0.1512913852930069
Accuracy: 0.9555208683013916
Epoch: 190 Batch: 1800 Loss: 0.03050609491765499
Accuracy: 0.9563542008399963
Epoch: 191 Batch: 600 Loss: 0.06781147420406342
Accuracy: 0.956250011920929
Epoch: 191 Batch: 1200 Loss: 0.10497857630252838
Accuracy: 0.9566927552223206
Epoch: 191 Batch: 1800 Loss: 0.29197439551353455
Accuracy: 0.9566319584846497
Epoch: 192 Batch: 600 Loss: 0.11913271993398666
Accuracy: 0.9561979174613953
Epoch: 192 Batch: 1200 Loss: 0.1106436550617218
Accuracy: 0.9569792151451111
Epoch: 192 Batch: 1800 Loss: 0.11761640012264252
Accuracy: 0.9568402767181396
Epoch: 193 Batch: 600 Loss: 0.04079720750451088
Accuracy: 0.9573437571525574
Epoch: 193 Batch: 1200 Loss: 0.18024958670139313
Accuracy: 0.9573437571525574
Epoch: 193 Batch: 1800 Loss: 0.0956801250576973
Accuracy: 0.957065999507904
Epoch: 194 Batch: 600 Loss: 0.03520376980304718
Accuracy: 0.9561458826065063
Epoch: 194 Batch: 1200 Loss: 0.1718033403158188
Accuracy: 0.9567447900772095
Epoch: 194 Batch: 1800 Loss: 0.26039162278175354
Accuracy: 0.956458330154419
Epoch: 195 Batch: 600 Loss: 0.18705374002456665
Accuracy: 0.9586979150772095
Epoch: 195 Batch: 1200 Loss: 0.2780650854110718
Accuracy: 0.9565625190734863
Epoch: 195 Batch: 1800 Loss: 0.059750355780124664
Accuracy: 0.9568576812744141
Epoch: 196 Batch: 600 Loss: 0.19130559265613556
Accuracy: 0.9578125476837158
Epoch: 196 Batch: 1200 Loss: 0.21855638921260834
Accuracy: 0.9565104246139526
Epoch: 196 Batch: 1800 Loss: 0.20095691084861755
Accuracy: 0.9571180939674377
Epoch: 197 Batch: 600 Loss: 0.09306827187538147
Accuracy: 0.9573437571525574
Epoch: 197 Batch: 1200 Loss: 0.1976458877325058
Accuracy: 0.9583854675292969
Epoch: 197 Batch: 1800 Loss: 0.0750950500369072
Accuracy: 0.9575521349906921
Epoch: 198 Batch: 600 Loss: 0.07686848193407059
Accuracy: 0.9573958516120911
Epoch: 198 Batch: 1200 Loss: 0.4078056812286377
Accuracy: 0.9576823115348816
Epoch: 198 Batch: 1800 Loss: 0.11823464930057526
Accuracy: 0.9580035209655762
Epoch: 199 Batch: 600 Loss: 0.29460409283638
Accuracy: 0.9582291841506958
Epoch: 199 Batch: 1200 Loss: 0.09825372695922852
Accuracy: 0.9576302170753479
Epoch: 199 Batch: 1800 Loss: 0.10081394016742706
Accuracy: 0.9581944942474365
Epoch: 200 Batch: 600 Loss: 0.275747150182724
Accuracy: 0.9573437571525574
Epoch: 200 Batch: 1200 Loss: 0.10514174401760101
Accuracy: 0.9573437571525574
Epoch: 200 Batch: 1800 Loss: 0.03979622200131416
Accuracy: 0.9579166769981384
Epoch: 201 Batch: 600 Loss: 0.01799853704869747
Accuracy: 0.9584375023841858
Epoch: 201 Batch: 1200 Loss: 0.14323146641254425
Accuracy: 0.9577344059944153
Epoch: 201 Batch: 1800 Loss: 0.2777821123600006
Accuracy: 0.9584201574325562
Epoch: 202 Batch: 600 Loss: 0.32256826758384705
Accuracy: 0.9578125476837158
Epoch: 202 Batch: 1200 Loss: 0.30805957317352295
Accuracy: 0.9579427242279053
Epoch: 202 Batch: 1800 Loss: 0.0972612202167511
Accuracy: 0.9584722518920898
Epoch: 203 Batch: 600 Loss: 0.16254518926143646
Accuracy: 0.9580208659172058
Epoch: 203 Batch: 1200 Loss: 0.15955930948257446
Accuracy: 0.9586979150772095
Epoch: 203 Batch: 1800 Loss: 0.2712690830230713
Accuracy: 0.9587326645851135
Epoch: 204 Batch: 600 Loss: 0.049240726977586746
Accuracy: 0.9576562643051147
Epoch: 204 Batch: 1200 Loss: 0.26396116614341736
Accuracy: 0.9582552313804626
Epoch: 204 Batch: 1800 Loss: 0.17655892670154572
Accuracy: 0.9587153196334839
Epoch: 205 Batch: 600 Loss: 0.20970752835273743
Accuracy: 0.9592188000679016
Epoch: 205 Batch: 1200 Loss: 0.05796588957309723
Accuracy: 0.9587500095367432
Epoch: 205 Batch: 1800 Loss: 0.08374028652906418
Accuracy: 0.9593750238418579
Epoch: 206 Batch: 600 Loss: 0.052097491919994354
Accuracy: 0.9580208659172058
Epoch: 206 Batch: 1200 Loss: 0.039711181074380875
Accuracy: 0.9592708349227905
Epoch: 206 Batch: 1800 Loss: 0.4986448287963867
Accuracy: 0.9593402743339539
Epoch: 207 Batch: 600 Loss: 0.0894797220826149
Accuracy: 0.9597916603088379
Epoch: 207 Batch: 1200 Loss: 0.2693878412246704
Accuracy: 0.9601041674613953
Epoch: 207 Batch: 1800 Loss: 0.12703156471252441
Accuracy: 0.9593750238418579
Epoch: 208 Batch: 600 Loss: 0.0797627717256546
Accuracy: 0.9596875309944153
Epoch: 208 Batch: 1200 Loss: 0.1191026121377945
Accuracy: 0.9599739909172058
Epoch: 208 Batch: 1800 Loss: 0.06662439554929733
Accuracy: 0.9596701860427856
Epoch: 209 Batch: 600 Loss: 0.018340302631258965
Accuracy: 0.9584375023841858
Epoch: 209 Batch: 1200 Loss: 0.11384370177984238
Accuracy: 0.9588021039962769
Epoch: 209 Batch: 1800 Loss: 0.13017328083515167
Accuracy: 0.9599305987358093
Epoch: 210 Batch: 600 Loss: 0.19988174736499786
Accuracy: 0.9609895944595337
Epoch: 210 Batch: 1200 Loss: 0.276826947927475
Accuracy: 0.9598437547683716
Epoch: 210 Batch: 1800 Loss: 0.03725111857056618
Accuracy: 0.9599305987358093
Epoch: 211 Batch: 600 Loss: 0.06583879142999649
Accuracy: 0.9583333730697632
Epoch: 211 Batch: 1200 Loss: 0.19052430987358093
Accuracy: 0.959557294845581
Epoch: 211 Batch: 1800 Loss: 0.05584957078099251
Accuracy: 0.9605555534362793
Epoch: 212 Batch: 600 Loss: 0.05900101736187935
Accuracy: 0.9584375023841858
Epoch: 212 Batch: 1200 Loss: 0.0846395418047905
Accuracy: 0.9607812762260437
Epoch: 212 Batch: 1800 Loss: 0.07673243433237076
Accuracy: 0.960399329662323
Epoch: 213 Batch: 600 Loss: 0.07234760373830795
Accuracy: 0.959947943687439
Epoch: 213 Batch: 1200 Loss: 0.09802685678005219
Accuracy: 0.9604166746139526
Epoch: 213 Batch: 1800 Loss: 0.10675101727247238
Accuracy: 0.9606597423553467
Epoch: 214 Batch: 600 Loss: 0.05710749700665474
Accuracy: 0.9596875309944153
Epoch: 214 Batch: 1200 Loss: 0.1951046884059906
Accuracy: 0.9606770873069763
Epoch: 214 Batch: 1800 Loss: 0.0756087377667427
Accuracy: 0.9610937833786011
Epoch: 215 Batch: 600 Loss: 0.043145131319761276
Accuracy: 0.96031254529953
Epoch: 215 Batch: 1200 Loss: 0.05061635747551918
Accuracy: 0.9597916603088379
Epoch: 215 Batch: 1800 Loss: 0.04522369056940079
Accuracy: 0.960815966129303
Epoch: 216 Batch: 600 Loss: 0.14047130942344666
Accuracy: 0.9610937833786011
Epoch: 216 Batch: 1200 Loss: 0.07143345475196838
Accuracy: 0.9615364670753479
Epoch: 216 Batch: 1800 Loss: 0.11298175901174545
Accuracy: 0.9611632227897644
Epoch: 217 Batch: 600 Loss: 0.05383942648768425
Accuracy: 0.9631250500679016
Epoch: 217 Batch: 1200 Loss: 0.08170780539512634
Accuracy: 0.9615625143051147
Epoch: 217 Batch: 1800 Loss: 0.205852210521698
Accuracy: 0.961180567741394
Epoch: 218 Batch: 600 Loss: 0.12582837045192719
Accuracy: 0.9618229269981384
Epoch: 218 Batch: 1200 Loss: 0.2342698723077774
Accuracy: 0.9616406559944153
Epoch: 218 Batch: 1800 Loss: 0.09530778974294662
Accuracy: 0.9612674117088318
Epoch: 219 Batch: 600 Loss: 0.4214032292366028
Accuracy: 0.9611979126930237
Epoch: 219 Batch: 1200 Loss: 0.09413713961839676
Accuracy: 0.9623437523841858
Epoch: 219 Batch: 1800 Loss: 0.17331163585186005
Accuracy: 0.9618402719497681
Epoch: 220 Batch: 600 Loss: 0.08691678196191788
Accuracy: 0.960364580154419
Epoch: 220 Batch: 1200 Loss: 0.08524523675441742
Accuracy: 0.9608333706855774
Epoch: 220 Batch: 1800 Loss: 0.11084495484828949
Accuracy: 0.9618576765060425
Epoch: 221 Batch: 600 Loss: 0.08801169693470001
Accuracy: 0.9626041650772095
Epoch: 221 Batch: 1200 Loss: 0.10950810462236404
Accuracy: 0.9627864956855774
Epoch: 221 Batch: 1800 Loss: 0.1564536988735199
Accuracy: 0.9620659947395325
Epoch: 222 Batch: 600 Loss: 0.15924283862113953
Accuracy: 0.9618750214576721
Epoch: 222 Batch: 1200 Loss: 0.21378707885742188
Accuracy: 0.961692750453949
Epoch: 222 Batch: 1800 Loss: 0.2835078835487366
Accuracy: 0.9623437523841858
Epoch: 223 Batch: 600 Loss: 0.08006776869297028
Accuracy: 0.9607812762260437
Epoch: 223 Batch: 1200 Loss: 0.10268479585647583
Accuracy: 0.9617708325386047
Epoch: 223 Batch: 1800 Loss: 0.1467781364917755
Accuracy: 0.9625000357627869
Epoch: 224 Batch: 600 Loss: 0.009118529036641121
Accuracy: 0.9627604484558105
Epoch: 224 Batch: 1200 Loss: 0.010812975466251373
Accuracy: 0.9625521302223206
Epoch: 224 Batch: 1800 Loss: 0.3416057229042053
Accuracy: 0.9624652862548828
Epoch: 225 Batch: 600 Loss: 0.17547781765460968
Accuracy: 0.9624479413032532
Epoch: 225 Batch: 1200 Loss: 0.011368305422365665
Accuracy: 0.9625260829925537
Epoch: 225 Batch: 1800 Loss: 0.08077636361122131
Accuracy: 0.9626562595367432
Epoch: 226 Batch: 600 Loss: 0.17449980974197388
Accuracy: 0.965416669845581
Epoch: 226 Batch: 1200 Loss: 0.047130048274993896
Accuracy: 0.963645875453949
Epoch: 226 Batch: 1800 Loss: 0.11421756446361542
Accuracy: 0.9631597399711609
Epoch: 227 Batch: 600 Loss: 0.21323135495185852
Accuracy: 0.9636979103088379
Epoch: 227 Batch: 1200 Loss: 0.13965366780757904
Accuracy: 0.962890625
Epoch: 227 Batch: 1800 Loss: 0.01223383005708456
Accuracy: 0.9629166722297668
Epoch: 228 Batch: 600 Loss: 0.22573618590831757
Accuracy: 0.9640104174613953
Epoch: 228 Batch: 1200 Loss: 0.23616623878479004
Accuracy: 0.9633333683013916
Epoch: 228 Batch: 1800 Loss: 0.15358296036720276
Accuracy: 0.9630382061004639
Epoch: 229 Batch: 600 Loss: 0.19103392958641052
Accuracy: 0.9641667008399963
Epoch: 229 Batch: 1200 Loss: 0.26787298917770386
Accuracy: 0.9629427194595337
Epoch: 229 Batch: 1800 Loss: 0.09362494945526123
Accuracy: 0.9632986187934875
Epoch: 230 Batch: 600 Loss: 0.40140998363494873
Accuracy: 0.9627083539962769
Epoch: 230 Batch: 1200 Loss: 0.061670031398534775
Accuracy: 0.9632291793823242
Epoch: 230 Batch: 1800 Loss: 0.2850665748119354
Accuracy: 0.9634549021720886
Epoch: 231 Batch: 600 Loss: 0.10203813016414642
Accuracy: 0.9618229269981384
Epoch: 231 Batch: 1200 Loss: 0.23904483020305634
Accuracy: 0.9633854627609253
Epoch: 231 Batch: 1800 Loss: 0.020273268222808838
Accuracy: 0.9634374976158142
Epoch: 232 Batch: 600 Loss: 0.25246861577033997
Accuracy: 0.9640104174613953
Epoch: 232 Batch: 1200 Loss: 0.11997261643409729
Accuracy: 0.9626041650772095
Epoch: 232 Batch: 1800 Loss: 0.12467914074659348
Accuracy: 0.9637847542762756
Epoch: 233 Batch: 600 Loss: 0.20041270554065704
Accuracy: 0.9610416889190674
Epoch: 233 Batch: 1200 Loss: 0.12170115858316422
Accuracy: 0.9628385901451111
Epoch: 233 Batch: 1800 Loss: 0.07622060179710388
Accuracy: 0.9638020992279053
Epoch: 234 Batch: 600 Loss: 0.08165020495653152
Accuracy: 0.9632291793823242
Epoch: 234 Batch: 1200 Loss: 0.2038932740688324
Accuracy: 0.9631250500679016
Epoch: 234 Batch: 1800 Loss: 0.12081383168697357
Accuracy: 0.9632986187934875
Epoch: 235 Batch: 600 Loss: 0.08739572763442993
Accuracy: 0.96442711353302
Epoch: 235 Batch: 1200 Loss: 0.4785977303981781
Accuracy: 0.9646614789962769
Epoch: 235 Batch: 1800 Loss: 0.2665640413761139
Accuracy: 0.964097261428833
Epoch: 236 Batch: 600 Loss: 0.03962850943207741
Accuracy: 0.9645833373069763
Epoch: 236 Batch: 1200 Loss: 0.06598076224327087
Accuracy: 0.9645313024520874
Epoch: 236 Batch: 1800 Loss: 0.12561477720737457
Accuracy: 0.963975727558136
Epoch: 237 Batch: 600 Loss: 0.047606244683265686
Accuracy: 0.964062511920929
Epoch: 237 Batch: 1200 Loss: 0.16785384714603424
Accuracy: 0.9646093845367432
Epoch: 237 Batch: 1800 Loss: 0.06410197913646698
Accuracy: 0.9641667008399963
Epoch: 238 Batch: 600 Loss: 0.19447848200798035
Accuracy: 0.9659895896911621
Epoch: 238 Batch: 1200 Loss: 0.11360456794500351
Accuracy: 0.9659895896911621
Epoch: 238 Batch: 1800 Loss: 0.04524892196059227
Accuracy: 0.9649131894111633
Epoch: 239 Batch: 600 Loss: 0.030147742480039597
Accuracy: 0.9657812714576721
Epoch: 239 Batch: 1200 Loss: 0.12266062200069427
Accuracy: 0.9645833373069763
Epoch: 239 Batch: 1800 Loss: 0.02633007988333702
Accuracy: 0.9644097685813904
Epoch: 240 Batch: 600 Loss: 0.04175896197557449
Accuracy: 0.9653125405311584
Epoch: 240 Batch: 1200 Loss: 0.19190531969070435
Accuracy: 0.9649739861488342
Epoch: 240 Batch: 1800 Loss: 0.09229482710361481
Accuracy: 0.9652083516120911
Epoch: 241 Batch: 600 Loss: 0.18919852375984192
Accuracy: 0.9658854603767395
Epoch: 241 Batch: 1200 Loss: 0.09366805851459503
Accuracy: 0.9653125405311584
Epoch: 241 Batch: 1800 Loss: 0.09676019847393036
Accuracy: 0.9650173783302307
Epoch: 242 Batch: 600 Loss: 0.13993403315544128
Accuracy: 0.9667708277702332
Epoch: 242 Batch: 1200 Loss: 0.15947288274765015
Accuracy: 0.965599000453949
Epoch: 242 Batch: 1800 Loss: 0.11052269488573074
Accuracy: 0.9651910066604614
Epoch: 243 Batch: 600 Loss: 0.04679547995328903
Accuracy: 0.96463543176651
Epoch: 243 Batch: 1200 Loss: 0.2848868668079376
Accuracy: 0.9640104174613953
Epoch: 243 Batch: 1800 Loss: 0.08226045221090317
Accuracy: 0.9651215672492981
Epoch: 244 Batch: 600 Loss: 0.13645608723163605
Accuracy: 0.9639583826065063
Epoch: 244 Batch: 1200 Loss: 0.06567700207233429
Accuracy: 0.9647917151451111
Epoch: 244 Batch: 1800 Loss: 0.056033167988061905
Accuracy: 0.965295135974884
Epoch: 245 Batch: 600 Loss: 0.09513229876756668
Accuracy: 0.9628645777702332
Epoch: 245 Batch: 1200 Loss: 0.09970521926879883
Accuracy: 0.9647396206855774
Epoch: 245 Batch: 1800 Loss: 0.27960601449012756
Accuracy: 0.9657291769981384
Epoch: 246 Batch: 600 Loss: 0.09836826473474503
Accuracy: 0.9647917151451111
Epoch: 246 Batch: 1200 Loss: 0.052755534648895264
Accuracy: 0.9654948115348816
Epoch: 246 Batch: 1800 Loss: 0.04228077456355095
Accuracy: 0.9660069942474365
Epoch: 247 Batch: 600 Loss: 0.09250285476446152
Accuracy: 0.965416669845581
Epoch: 247 Batch: 1200 Loss: 0.13698144257068634
Accuracy: 0.9658854603767395
Epoch: 247 Batch: 1800 Loss: 0.06825286149978638
Accuracy: 0.9661111235618591
Epoch: 248 Batch: 600 Loss: 0.15717202425003052
Accuracy: 0.9670833349227905
Epoch: 248 Batch: 1200 Loss: 0.25909700989723206
Accuracy: 0.9657552242279053
Epoch: 248 Batch: 1800 Loss: 0.16983382403850555
Accuracy: 0.9659722447395325
Epoch: 249 Batch: 600 Loss: 0.09213156253099442
Accuracy: 0.9680208563804626
Epoch: 249 Batch: 1200 Loss: 0.05657710134983063
Accuracy: 0.96617192029953
Epoch: 249 Batch: 1800 Loss: 0.1337970644235611
Accuracy: 0.9659895896911621
Epoch: 250 Batch: 600 Loss: 0.09022582322359085
Accuracy: 0.9633854627609253
Epoch: 250 Batch: 1200 Loss: 0.07659637928009033
Accuracy: 0.9651562571525574
Epoch: 250 Batch: 1800 Loss: 0.05132671445608139
Accuracy: 0.9660764336585999
Epoch: 251 Batch: 600 Loss: 0.0655994713306427
Accuracy: 0.9650521278381348
Epoch: 251 Batch: 1200 Loss: 0.03812128305435181
Accuracy: 0.9651562571525574
Epoch: 251 Batch: 1800 Loss: 0.025887751951813698
Accuracy: 0.9661458730697632
Epoch: 252 Batch: 600 Loss: 0.23611041903495789
Accuracy: 0.967968761920929
Epoch: 252 Batch: 1200 Loss: 0.08837426453828812
Accuracy: 0.96638023853302
Epoch: 252 Batch: 1800 Loss: 0.030781593173742294
Accuracy: 0.9663194417953491
Epoch: 253 Batch: 600 Loss: 0.03684805706143379
Accuracy: 0.967760443687439
Epoch: 253 Batch: 1200 Loss: 0.03531712293624878
Accuracy: 0.96638023853302
Epoch: 253 Batch: 1800 Loss: 0.0773501992225647
Accuracy: 0.9668055772781372
Epoch: 254 Batch: 600 Loss: 0.14494392275810242
Accuracy: 0.96812504529953
Epoch: 254 Batch: 1200 Loss: 0.07883072644472122
Accuracy: 0.9666927456855774
Epoch: 254 Batch: 1800 Loss: 0.23565778136253357
Accuracy: 0.9668055772781372
Epoch: 255 Batch: 600 Loss: 0.03753325343132019
Accuracy: 0.9665625095367432
Epoch: 255 Batch: 1200 Loss: 0.04450908303260803
Accuracy: 0.9665104150772095
Epoch: 255 Batch: 1800 Loss: 0.03203832358121872
Accuracy: 0.9671007394790649
Epoch: 256 Batch: 600 Loss: 0.046597205102443695
Accuracy: 0.96812504529953
Epoch: 256 Batch: 1200 Loss: 0.12078312784433365
Accuracy: 0.9665364623069763
Epoch: 256 Batch: 1800 Loss: 0.02096622809767723
Accuracy: 0.9668923616409302
Epoch: 257 Batch: 600 Loss: 0.1956043243408203
Accuracy: 0.9671875238418579
Epoch: 257 Batch: 1200 Loss: 0.05073543265461922
Accuracy: 0.9670313000679016
Epoch: 257 Batch: 1800 Loss: 0.16372235119342804
Accuracy: 0.9670138955116272
Epoch: 258 Batch: 600 Loss: 0.035926755517721176
Accuracy: 0.96484375
Epoch: 258 Batch: 1200 Loss: 0.10025035589933395
Accuracy: 0.9666666984558105
Epoch: 258 Batch: 1800 Loss: 0.10351669043302536
Accuracy: 0.9673611521720886
Epoch: 259 Batch: 600 Loss: 0.04454852268099785
Accuracy: 0.9667187929153442
Epoch: 259 Batch: 1200 Loss: 0.05796278640627861
Accuracy: 0.9669010639190674
Epoch: 259 Batch: 1800 Loss: 0.15914811193943024
Accuracy: 0.967552125453949
Epoch: 260 Batch: 600 Loss: 0.06354668736457825
Accuracy: 0.9669271111488342
Epoch: 260 Batch: 1200 Loss: 0.11837463080883026
Accuracy: 0.9671875238418579
Epoch: 260 Batch: 1800 Loss: 0.06751552224159241
Accuracy: 0.9673090577125549
Epoch: 261 Batch: 600 Loss: 0.15444983541965485
Accuracy: 0.9686979651451111
Epoch: 261 Batch: 1200 Loss: 0.09086932986974716
Accuracy: 0.9680208563804626
Epoch: 261 Batch: 1800 Loss: 0.1909799724817276
Accuracy: 0.967760443687439
Epoch: 262 Batch: 600 Loss: 0.023509806022047997
Accuracy: 0.9669271111488342
Epoch: 262 Batch: 1200 Loss: 0.07088948041200638
Accuracy: 0.9671354293823242
Epoch: 262 Batch: 1800 Loss: 0.11089567095041275
Accuracy: 0.967552125453949
Epoch: 263 Batch: 600 Loss: 0.07682029157876968
Accuracy: 0.9697396159172058
Epoch: 263 Batch: 1200 Loss: 0.06897266209125519
Accuracy: 0.9682552218437195
Epoch: 263 Batch: 1800 Loss: 0.017156673595309258
Accuracy: 0.9680556058883667
Epoch: 264 Batch: 600 Loss: 0.15329302847385406
Accuracy: 0.96812504529953
Epoch: 264 Batch: 1200 Loss: 0.1011546328663826
Accuracy: 0.9680208563804626
Epoch: 264 Batch: 1800 Loss: 0.04043659567832947
Accuracy: 0.9680382013320923
Epoch: 265 Batch: 600 Loss: 0.059767693281173706
Accuracy: 0.9684895873069763
Epoch: 265 Batch: 1200 Loss: 0.009671149775385857
Accuracy: 0.9678906202316284
Epoch: 265 Batch: 1800 Loss: 0.07021735608577728
Accuracy: 0.9682291746139526
Epoch: 266 Batch: 600 Loss: 0.14853520691394806
Accuracy: 0.9690625071525574
Epoch: 266 Batch: 1200 Loss: 0.16243276000022888
Accuracy: 0.9690104126930237
Epoch: 266 Batch: 1800 Loss: 0.05421287193894386
Accuracy: 0.968454897403717
Epoch: 267 Batch: 600 Loss: 0.14769771695137024
Accuracy: 0.9675000309944153
Epoch: 267 Batch: 1200 Loss: 0.10081745684146881
Accuracy: 0.9671875238418579
Epoch: 267 Batch: 1800 Loss: 0.26022469997406006
Accuracy: 0.968246579170227
Epoch: 268 Batch: 600 Loss: 0.15611539781093597
Accuracy: 0.9667708277702332
Epoch: 268 Batch: 1200 Loss: 0.0739382654428482
Accuracy: 0.9678385853767395
Epoch: 268 Batch: 1800 Loss: 0.022357305511832237
Accuracy: 0.9685590267181396
Epoch: 269 Batch: 600 Loss: 0.07869891822338104
Accuracy: 0.9682812690734863
Epoch: 269 Batch: 1200 Loss: 0.09359042346477509
Accuracy: 0.9682552218437195
Epoch: 269 Batch: 1800 Loss: 0.13305701315402985
Accuracy: 0.9685243368148804
Epoch: 270 Batch: 600 Loss: 0.09395236521959305
Accuracy: 0.9680208563804626
Epoch: 270 Batch: 1200 Loss: 0.11128835380077362
Accuracy: 0.9686458706855774
Epoch: 270 Batch: 1800 Loss: 0.1270800083875656
Accuracy: 0.9683854579925537
Epoch: 271 Batch: 600 Loss: 0.04253353551030159
Accuracy: 0.9696875214576721
Epoch: 271 Batch: 1200 Loss: 0.1002497747540474
Accuracy: 0.9703125357627869
Epoch: 271 Batch: 1800 Loss: 0.18937274813652039
Accuracy: 0.969201385974884
Epoch: 272 Batch: 600 Loss: 0.03316773101687431
Accuracy: 0.9703646302223206
Epoch: 272 Batch: 1200 Loss: 0.15121082961559296
Accuracy: 0.9697656631469727
Epoch: 272 Batch: 1800 Loss: 0.07122432440519333
Accuracy: 0.9692361354827881
Epoch: 273 Batch: 600 Loss: 0.1277012974023819
Accuracy: 0.96854168176651
Epoch: 273 Batch: 1200 Loss: 0.09857671707868576
Accuracy: 0.9688802361488342
Epoch: 273 Batch: 1800 Loss: 0.2499443143606186
Accuracy: 0.9689236283302307
Epoch: 274 Batch: 600 Loss: 0.06520963460206985
Accuracy: 0.9685937762260437
Epoch: 274 Batch: 1200 Loss: 0.2090190052986145
Accuracy: 0.9688281416893005
Epoch: 274 Batch: 1800 Loss: 0.20205557346343994
Accuracy: 0.9691319465637207
Epoch: 275 Batch: 600 Loss: 0.07124260067939758
Accuracy: 0.9697396159172058
Epoch: 275 Batch: 1200 Loss: 0.041521113365888596
Accuracy: 0.9700000286102295
Epoch: 275 Batch: 1800 Loss: 0.06281181424856186
Accuracy: 0.9692187905311584
Epoch: 276 Batch: 600 Loss: 0.026684770360589027
Accuracy: 0.9705208539962769
Epoch: 276 Batch: 1200 Loss: 0.11364374309778214
Accuracy: 0.9699479341506958
Epoch: 276 Batch: 1800 Loss: 0.07225731015205383
Accuracy: 0.9695312976837158
Epoch: 277 Batch: 600 Loss: 0.05827224627137184
Accuracy: 0.9697396159172058
Epoch: 277 Batch: 1200 Loss: 0.17785227298736572
Accuracy: 0.9700521230697632
Epoch: 277 Batch: 1800 Loss: 0.17602087557315826
Accuracy: 0.9697048664093018
Epoch: 278 Batch: 600 Loss: 0.07159768790006638
Accuracy: 0.9691666960716248
Epoch: 278 Batch: 1200 Loss: 0.07044967263936996
Accuracy: 0.9696614742279053
Epoch: 278 Batch: 1800 Loss: 0.18216267228126526
Accuracy: 0.9697917103767395
Epoch: 279 Batch: 600 Loss: 0.32640260457992554
Accuracy: 0.9702083468437195
Epoch: 279 Batch: 1200 Loss: 0.08164659142494202
Accuracy: 0.9703646302223206
Epoch: 279 Batch: 1800 Loss: 0.14974556863307953
Accuracy: 0.9700521230697632
Epoch: 280 Batch: 600 Loss: 0.07113794982433319
Accuracy: 0.9688020944595337
Epoch: 280 Batch: 1200 Loss: 0.03873220831155777
Accuracy: 0.9695833325386047
Epoch: 280 Batch: 1800 Loss: 0.027405422180891037
Accuracy: 0.9699826836585999
Epoch: 281 Batch: 600 Loss: 0.07319694012403488
Accuracy: 0.9700521230697632
Epoch: 281 Batch: 1200 Loss: 0.03456144034862518
Accuracy: 0.9700521230697632
Epoch: 281 Batch: 1800 Loss: 0.2467803955078125
Accuracy: 0.9698958396911621
Epoch: 282 Batch: 600 Loss: 0.018280649557709694
Accuracy: 0.9688541889190674
Epoch: 282 Batch: 1200 Loss: 0.05480112135410309
Accuracy: 0.9700260758399963
Epoch: 282 Batch: 1800 Loss: 0.1061127781867981
Accuracy: 0.9700347185134888
Epoch: 283 Batch: 600 Loss: 0.030687646940350533
Accuracy: 0.9703646302223206
Epoch: 283 Batch: 1200 Loss: 0.09359423071146011
Accuracy: 0.9704427123069763
Epoch: 283 Batch: 1800 Loss: 0.043664492666721344
Accuracy: 0.9701389074325562
Epoch: 284 Batch: 600 Loss: 0.0961136519908905
Accuracy: 0.9703125357627869
Epoch: 284 Batch: 1200 Loss: 0.04299196973443031
Accuracy: 0.9706770777702332
Epoch: 284 Batch: 1800 Loss: 0.12468163669109344
Accuracy: 0.9702777862548828
Epoch: 285 Batch: 600 Loss: 0.03417878970503807
Accuracy: 0.9704166650772095
Epoch: 285 Batch: 1200 Loss: 0.04047612100839615
Accuracy: 0.9706770777702332
Epoch: 285 Batch: 1800 Loss: 0.08180207014083862
Accuracy: 0.9704166650772095
Epoch: 286 Batch: 600 Loss: 0.05218932032585144
Accuracy: 0.9704687595367432
Epoch: 286 Batch: 1200 Loss: 0.08816877752542496
Accuracy: 0.9708594083786011
Epoch: 286 Batch: 1800 Loss: 0.03996694087982178
Accuracy: 0.9705035090446472
Epoch: 287 Batch: 600 Loss: 0.07115308940410614
Accuracy: 0.9707291722297668
Epoch: 287 Batch: 1200 Loss: 0.10104376822710037
Accuracy: 0.9716406464576721
Epoch: 287 Batch: 1800 Loss: 0.049047499895095825
Accuracy: 0.9706770777702332
Epoch: 288 Batch: 600 Loss: 0.13021112978458405
Accuracy: 0.9710937738418579
Epoch: 288 Batch: 1200 Loss: 0.015342490747570992
Accuracy: 0.9713802337646484
Epoch: 288 Batch: 1800 Loss: 0.08715938776731491
Accuracy: 0.9708507061004639
Epoch: 289 Batch: 600 Loss: 0.11173898726701736
Accuracy: 0.9711458683013916
Epoch: 289 Batch: 1200 Loss: 0.039088498800992966
Accuracy: 0.9704687595367432
Epoch: 289 Batch: 1800 Loss: 0.027634095400571823
Accuracy: 0.9710416793823242
Epoch: 290 Batch: 600 Loss: 0.14117871224880219
Accuracy: 0.9704687595367432
Epoch: 290 Batch: 1200 Loss: 0.04975864663720131
Accuracy: 0.9707291722297668
Epoch: 290 Batch: 1800 Loss: 0.013657869771122932
Accuracy: 0.9708680510520935
Epoch: 291 Batch: 600 Loss: 0.09047242254018784
Accuracy: 0.9703646302223206
Epoch: 291 Batch: 1200 Loss: 0.020694401115179062
Accuracy: 0.9705729484558105
Epoch: 291 Batch: 1800 Loss: 0.07326386123895645
Accuracy: 0.9710069894790649
Epoch: 292 Batch: 600 Loss: 0.010049179196357727
Accuracy: 0.9711979627609253
Epoch: 292 Batch: 1200 Loss: 0.028881089761853218
Accuracy: 0.9715104699134827
Epoch: 292 Batch: 1800 Loss: 0.09086783975362778
Accuracy: 0.9712674021720886
Epoch: 293 Batch: 600 Loss: 0.17734678089618683
Accuracy: 0.9708854556083679
Epoch: 293 Batch: 1200 Loss: 0.2642020583152771
Accuracy: 0.9713541865348816
Epoch: 293 Batch: 1800 Loss: 0.16456478834152222
Accuracy: 0.9708854556083679
Epoch: 294 Batch: 600 Loss: 0.18795588612556458
Accuracy: 0.9717187881469727
Epoch: 294 Batch: 1200 Loss: 0.1895071268081665
Accuracy: 0.9706770777702332
Epoch: 294 Batch: 1800 Loss: 0.030388524755835533
Accuracy: 0.971458375453949
Epoch: 295 Batch: 600 Loss: 0.13391068577766418
Accuracy: 0.9717187881469727
Epoch: 295 Batch: 1200 Loss: 0.12525205314159393
Accuracy: 0.9713020920753479
Epoch: 295 Batch: 1800 Loss: 0.07924223691225052
Accuracy: 0.9711632132530212
Epoch: 296 Batch: 600 Loss: 0.2257506102323532
Accuracy: 0.971875011920929
Epoch: 296 Batch: 1200 Loss: 0.12885916233062744
Accuracy: 0.9710156321525574
Epoch: 296 Batch: 1800 Loss: 0.13830089569091797
Accuracy: 0.9713889360427856
Epoch: 297 Batch: 600 Loss: 0.09910517185926437
Accuracy: 0.9710416793823242
Epoch: 297 Batch: 1200 Loss: 0.10392634570598602
Accuracy: 0.9717708826065063
Epoch: 297 Batch: 1800 Loss: 0.12855961918830872
Accuracy: 0.971458375453949
Epoch: 298 Batch: 600 Loss: 0.029487961903214455
Accuracy: 0.9710937738418579
Epoch: 298 Batch: 1200 Loss: 0.07367531955242157
Accuracy: 0.9704427123069763
Epoch: 298 Batch: 1800 Loss: 0.05367960408329964
Accuracy: 0.971666693687439
Epoch: 299 Batch: 600 Loss: 0.016150042414665222
Accuracy: 0.9738020896911621
Epoch: 299 Batch: 1200 Loss: 0.046184293925762177
Accuracy: 0.9724739789962769
Epoch: 299 Batch: 1800 Loss: 0.021741703152656555
Accuracy: 0.9720659852027893
Training took 1851.0103869438171 seconds.
